[2022-12-29T22:50:52.185-0500] {processor.py:153} INFO - Started process (PID=7166) to work on /Users/miguelrondon/Desktop/CODE/Data Projects/Real-Estate-By-Census/dags/dag.py
[2022-12-29T22:50:52.189-0500] {processor.py:743} INFO - Processing file /Users/miguelrondon/Desktop/CODE/Data Projects/Real-Estate-By-Census/dags/dag.py for tasks to queue
[2022-12-29T22:50:52.189-0500] {logging_mixin.py:137} INFO - [2022-12-29T22:50:52.189-0500] {dagbag.py:538} INFO - Filling up the DagBag from /Users/miguelrondon/Desktop/CODE/Data Projects/Real-Estate-By-Census/dags/dag.py
[2022-12-29T22:50:52.203-0500] {logging_mixin.py:137} INFO - [2022-12-29T22:50:52.201-0500] {dagbag.py:343} ERROR - Failed to import: /Users/miguelrondon/Desktop/CODE/Data Projects/Real-Estate-By-Census/dags/dag.py
Traceback (most recent call last):
  File "/Library/Frameworks/Python.framework/Versions/3.7/lib/python3.7/site-packages/airflow/models/dagbag.py", line 339, in parse
    loader.exec_module(new_module)
  File "<frozen importlib._bootstrap_external>", line 728, in exec_module
  File "<frozen importlib._bootstrap>", line 219, in _call_with_frames_removed
  File "/Users/miguelrondon/Desktop/CODE/Data Projects/Real-Estate-By-Census/dags/dag.py", line 13, in <module>
    dag=etl_dag
  File "/Library/Frameworks/Python.framework/Versions/3.7/lib/python3.7/site-packages/airflow/models/baseoperator.py", line 411, in apply_defaults
    result = func(self, **kwargs, default_args=default_args)
  File "/Library/Frameworks/Python.framework/Versions/3.7/lib/python3.7/site-packages/airflow/operators/bash.py", line 147, in __init__
    super().__init__(**kwargs)
  File "/Library/Frameworks/Python.framework/Versions/3.7/lib/python3.7/site-packages/airflow/models/baseoperator.py", line 411, in apply_defaults
    result = func(self, **kwargs, default_args=default_args)
  File "/Library/Frameworks/Python.framework/Versions/3.7/lib/python3.7/site-packages/airflow/models/baseoperator.py", line 770, in __init__
    validate_key(task_id)
  File "/Library/Frameworks/Python.framework/Versions/3.7/lib/python3.7/site-packages/airflow/utils/helpers.py", line 56, in validate_key
    f"The key {k!r} has to be made of alphanumeric characters, dashes, "
airflow.exceptions.AirflowException: The key 'Extract & Transform Data' has to be made of alphanumeric characters, dashes, dots and underscores exclusively
[2022-12-29T22:50:52.203-0500] {processor.py:755} WARNING - No viable dags retrieved from /Users/miguelrondon/Desktop/CODE/Data Projects/Real-Estate-By-Census/dags/dag.py
[2022-12-29T22:50:52.214-0500] {processor.py:175} INFO - Processing /Users/miguelrondon/Desktop/CODE/Data Projects/Real-Estate-By-Census/dags/dag.py took 0.031 seconds
[2022-12-29T22:51:37.722-0500] {processor.py:153} INFO - Started process (PID=7230) to work on /Users/miguelrondon/Desktop/CODE/Data Projects/Real-Estate-By-Census/dags/dag.py
[2022-12-29T22:51:37.724-0500] {processor.py:743} INFO - Processing file /Users/miguelrondon/Desktop/CODE/Data Projects/Real-Estate-By-Census/dags/dag.py for tasks to queue
[2022-12-29T22:51:37.725-0500] {logging_mixin.py:137} INFO - [2022-12-29T22:51:37.725-0500] {dagbag.py:538} INFO - Filling up the DagBag from /Users/miguelrondon/Desktop/CODE/Data Projects/Real-Estate-By-Census/dags/dag.py
[2022-12-29T22:51:37.742-0500] {logging_mixin.py:137} INFO - [2022-12-29T22:51:37.739-0500] {dagbag.py:343} ERROR - Failed to import: /Users/miguelrondon/Desktop/CODE/Data Projects/Real-Estate-By-Census/dags/dag.py
Traceback (most recent call last):
  File "/Library/Frameworks/Python.framework/Versions/3.7/lib/python3.7/site-packages/airflow/models/dagbag.py", line 339, in parse
    loader.exec_module(new_module)
  File "<frozen importlib._bootstrap_external>", line 728, in exec_module
  File "<frozen importlib._bootstrap>", line 219, in _call_with_frames_removed
  File "/Users/miguelrondon/Desktop/CODE/Data Projects/Real-Estate-By-Census/dags/dag.py", line 13, in <module>
    dag=etl_dag
  File "/Library/Frameworks/Python.framework/Versions/3.7/lib/python3.7/site-packages/airflow/models/baseoperator.py", line 411, in apply_defaults
    result = func(self, **kwargs, default_args=default_args)
  File "/Library/Frameworks/Python.framework/Versions/3.7/lib/python3.7/site-packages/airflow/operators/bash.py", line 147, in __init__
    super().__init__(**kwargs)
  File "/Library/Frameworks/Python.framework/Versions/3.7/lib/python3.7/site-packages/airflow/models/baseoperator.py", line 411, in apply_defaults
    result = func(self, **kwargs, default_args=default_args)
  File "/Library/Frameworks/Python.framework/Versions/3.7/lib/python3.7/site-packages/airflow/models/baseoperator.py", line 770, in __init__
    validate_key(task_id)
  File "/Library/Frameworks/Python.framework/Versions/3.7/lib/python3.7/site-packages/airflow/utils/helpers.py", line 56, in validate_key
    f"The key {k!r} has to be made of alphanumeric characters, dashes, "
airflow.exceptions.AirflowException: The key 'Extract & Transform Data' has to be made of alphanumeric characters, dashes, dots and underscores exclusively
[2022-12-29T22:51:37.743-0500] {processor.py:755} WARNING - No viable dags retrieved from /Users/miguelrondon/Desktop/CODE/Data Projects/Real-Estate-By-Census/dags/dag.py
[2022-12-29T22:51:37.757-0500] {processor.py:175} INFO - Processing /Users/miguelrondon/Desktop/CODE/Data Projects/Real-Estate-By-Census/dags/dag.py took 0.040 seconds
[2022-12-29T22:52:14.492-0500] {processor.py:153} INFO - Started process (PID=7290) to work on /Users/miguelrondon/Desktop/CODE/Data Projects/Real-Estate-By-Census/dags/dag.py
[2022-12-29T22:52:14.493-0500] {processor.py:743} INFO - Processing file /Users/miguelrondon/Desktop/CODE/Data Projects/Real-Estate-By-Census/dags/dag.py for tasks to queue
[2022-12-29T22:52:14.494-0500] {logging_mixin.py:137} INFO - [2022-12-29T22:52:14.493-0500] {dagbag.py:538} INFO - Filling up the DagBag from /Users/miguelrondon/Desktop/CODE/Data Projects/Real-Estate-By-Census/dags/dag.py
[2022-12-29T22:52:14.503-0500] {logging_mixin.py:137} INFO - [2022-12-29T22:52:14.501-0500] {dagbag.py:343} ERROR - Failed to import: /Users/miguelrondon/Desktop/CODE/Data Projects/Real-Estate-By-Census/dags/dag.py
Traceback (most recent call last):
  File "/Library/Frameworks/Python.framework/Versions/3.7/lib/python3.7/site-packages/airflow/models/dagbag.py", line 339, in parse
    loader.exec_module(new_module)
  File "<frozen importlib._bootstrap_external>", line 728, in exec_module
  File "<frozen importlib._bootstrap>", line 219, in _call_with_frames_removed
  File "/Users/miguelrondon/Desktop/CODE/Data Projects/Real-Estate-By-Census/dags/dag.py", line 13, in <module>
    dag=etl_dag
  File "/Library/Frameworks/Python.framework/Versions/3.7/lib/python3.7/site-packages/airflow/models/baseoperator.py", line 411, in apply_defaults
    result = func(self, **kwargs, default_args=default_args)
  File "/Library/Frameworks/Python.framework/Versions/3.7/lib/python3.7/site-packages/airflow/operators/bash.py", line 147, in __init__
    super().__init__(**kwargs)
  File "/Library/Frameworks/Python.framework/Versions/3.7/lib/python3.7/site-packages/airflow/models/baseoperator.py", line 411, in apply_defaults
    result = func(self, **kwargs, default_args=default_args)
  File "/Library/Frameworks/Python.framework/Versions/3.7/lib/python3.7/site-packages/airflow/models/baseoperator.py", line 770, in __init__
    validate_key(task_id)
  File "/Library/Frameworks/Python.framework/Versions/3.7/lib/python3.7/site-packages/airflow/utils/helpers.py", line 56, in validate_key
    f"The key {k!r} has to be made of alphanumeric characters, dashes, "
airflow.exceptions.AirflowException: The key 'Extract & Transform Data' has to be made of alphanumeric characters, dashes, dots and underscores exclusively
[2022-12-29T22:52:14.503-0500] {processor.py:755} WARNING - No viable dags retrieved from /Users/miguelrondon/Desktop/CODE/Data Projects/Real-Estate-By-Census/dags/dag.py
[2022-12-29T22:52:14.515-0500] {processor.py:175} INFO - Processing /Users/miguelrondon/Desktop/CODE/Data Projects/Real-Estate-By-Census/dags/dag.py took 0.026 seconds
[2022-12-29T22:52:44.646-0500] {processor.py:153} INFO - Started process (PID=7295) to work on /Users/miguelrondon/Desktop/CODE/Data Projects/Real-Estate-By-Census/dags/dag.py
[2022-12-29T22:52:44.647-0500] {processor.py:743} INFO - Processing file /Users/miguelrondon/Desktop/CODE/Data Projects/Real-Estate-By-Census/dags/dag.py for tasks to queue
[2022-12-29T22:52:44.648-0500] {logging_mixin.py:137} INFO - [2022-12-29T22:52:44.648-0500] {dagbag.py:538} INFO - Filling up the DagBag from /Users/miguelrondon/Desktop/CODE/Data Projects/Real-Estate-By-Census/dags/dag.py
[2022-12-29T22:52:44.661-0500] {logging_mixin.py:137} INFO - [2022-12-29T22:52:44.659-0500] {dagbag.py:343} ERROR - Failed to import: /Users/miguelrondon/Desktop/CODE/Data Projects/Real-Estate-By-Census/dags/dag.py
Traceback (most recent call last):
  File "/Library/Frameworks/Python.framework/Versions/3.7/lib/python3.7/site-packages/airflow/models/dagbag.py", line 339, in parse
    loader.exec_module(new_module)
  File "<frozen importlib._bootstrap_external>", line 728, in exec_module
  File "<frozen importlib._bootstrap>", line 219, in _call_with_frames_removed
  File "/Users/miguelrondon/Desktop/CODE/Data Projects/Real-Estate-By-Census/dags/dag.py", line 13, in <module>
    dag=etl_dag
  File "/Library/Frameworks/Python.framework/Versions/3.7/lib/python3.7/site-packages/airflow/models/baseoperator.py", line 411, in apply_defaults
    result = func(self, **kwargs, default_args=default_args)
  File "/Library/Frameworks/Python.framework/Versions/3.7/lib/python3.7/site-packages/airflow/operators/bash.py", line 147, in __init__
    super().__init__(**kwargs)
  File "/Library/Frameworks/Python.framework/Versions/3.7/lib/python3.7/site-packages/airflow/models/baseoperator.py", line 411, in apply_defaults
    result = func(self, **kwargs, default_args=default_args)
  File "/Library/Frameworks/Python.framework/Versions/3.7/lib/python3.7/site-packages/airflow/models/baseoperator.py", line 770, in __init__
    validate_key(task_id)
  File "/Library/Frameworks/Python.framework/Versions/3.7/lib/python3.7/site-packages/airflow/utils/helpers.py", line 56, in validate_key
    f"The key {k!r} has to be made of alphanumeric characters, dashes, "
airflow.exceptions.AirflowException: The key 'Extract & Transform Data' has to be made of alphanumeric characters, dashes, dots and underscores exclusively
[2022-12-29T22:52:44.661-0500] {processor.py:755} WARNING - No viable dags retrieved from /Users/miguelrondon/Desktop/CODE/Data Projects/Real-Estate-By-Census/dags/dag.py
[2022-12-29T22:52:44.672-0500] {processor.py:175} INFO - Processing /Users/miguelrondon/Desktop/CODE/Data Projects/Real-Estate-By-Census/dags/dag.py took 0.030 seconds
[2022-12-29T22:53:14.930-0500] {processor.py:153} INFO - Started process (PID=7342) to work on /Users/miguelrondon/Desktop/CODE/Data Projects/Real-Estate-By-Census/dags/dag.py
[2022-12-29T22:53:14.932-0500] {processor.py:743} INFO - Processing file /Users/miguelrondon/Desktop/CODE/Data Projects/Real-Estate-By-Census/dags/dag.py for tasks to queue
[2022-12-29T22:53:14.934-0500] {logging_mixin.py:137} INFO - [2022-12-29T22:53:14.933-0500] {dagbag.py:538} INFO - Filling up the DagBag from /Users/miguelrondon/Desktop/CODE/Data Projects/Real-Estate-By-Census/dags/dag.py
[2022-12-29T22:53:14.954-0500] {logging_mixin.py:137} INFO - [2022-12-29T22:53:14.952-0500] {dagbag.py:343} ERROR - Failed to import: /Users/miguelrondon/Desktop/CODE/Data Projects/Real-Estate-By-Census/dags/dag.py
Traceback (most recent call last):
  File "/Library/Frameworks/Python.framework/Versions/3.7/lib/python3.7/site-packages/airflow/models/dagbag.py", line 339, in parse
    loader.exec_module(new_module)
  File "<frozen importlib._bootstrap_external>", line 728, in exec_module
  File "<frozen importlib._bootstrap>", line 219, in _call_with_frames_removed
  File "/Users/miguelrondon/Desktop/CODE/Data Projects/Real-Estate-By-Census/dags/dag.py", line 13, in <module>
    dag=etl_dag
  File "/Library/Frameworks/Python.framework/Versions/3.7/lib/python3.7/site-packages/airflow/models/baseoperator.py", line 411, in apply_defaults
    result = func(self, **kwargs, default_args=default_args)
  File "/Library/Frameworks/Python.framework/Versions/3.7/lib/python3.7/site-packages/airflow/operators/bash.py", line 147, in __init__
    super().__init__(**kwargs)
  File "/Library/Frameworks/Python.framework/Versions/3.7/lib/python3.7/site-packages/airflow/models/baseoperator.py", line 411, in apply_defaults
    result = func(self, **kwargs, default_args=default_args)
  File "/Library/Frameworks/Python.framework/Versions/3.7/lib/python3.7/site-packages/airflow/models/baseoperator.py", line 770, in __init__
    validate_key(task_id)
  File "/Library/Frameworks/Python.framework/Versions/3.7/lib/python3.7/site-packages/airflow/utils/helpers.py", line 56, in validate_key
    f"The key {k!r} has to be made of alphanumeric characters, dashes, "
airflow.exceptions.AirflowException: The key 'Extract & Transform Data' has to be made of alphanumeric characters, dashes, dots and underscores exclusively
[2022-12-29T22:53:14.955-0500] {processor.py:755} WARNING - No viable dags retrieved from /Users/miguelrondon/Desktop/CODE/Data Projects/Real-Estate-By-Census/dags/dag.py
[2022-12-29T22:53:14.970-0500] {processor.py:175} INFO - Processing /Users/miguelrondon/Desktop/CODE/Data Projects/Real-Estate-By-Census/dags/dag.py took 0.044 seconds
[2022-12-29T22:53:47.921-0500] {processor.py:153} INFO - Started process (PID=7376) to work on /Users/miguelrondon/Desktop/CODE/Data Projects/Real-Estate-By-Census/dags/dag.py
[2022-12-29T22:53:47.922-0500] {processor.py:743} INFO - Processing file /Users/miguelrondon/Desktop/CODE/Data Projects/Real-Estate-By-Census/dags/dag.py for tasks to queue
[2022-12-29T22:53:47.923-0500] {logging_mixin.py:137} INFO - [2022-12-29T22:53:47.923-0500] {dagbag.py:538} INFO - Filling up the DagBag from /Users/miguelrondon/Desktop/CODE/Data Projects/Real-Estate-By-Census/dags/dag.py
[2022-12-29T22:53:47.937-0500] {processor.py:753} INFO - DAG(s) dict_keys(['realtor_census_dashboard_etl']) retrieved from /Users/miguelrondon/Desktop/CODE/Data Projects/Real-Estate-By-Census/dags/dag.py
[2022-12-29T22:53:48.015-0500] {logging_mixin.py:137} INFO - [2022-12-29T22:53:48.015-0500] {manager.py:504} INFO - Created Permission View: can read on DAG:realtor_census_dashboard_etl
[2022-12-29T22:53:48.020-0500] {logging_mixin.py:137} INFO - [2022-12-29T22:53:48.020-0500] {manager.py:504} INFO - Created Permission View: can edit on DAG:realtor_census_dashboard_etl
[2022-12-29T22:53:48.024-0500] {logging_mixin.py:137} INFO - [2022-12-29T22:53:48.024-0500] {manager.py:504} INFO - Created Permission View: can delete on DAG:realtor_census_dashboard_etl
[2022-12-29T22:53:48.024-0500] {logging_mixin.py:137} INFO - [2022-12-29T22:53:48.024-0500] {dag.py:2676} INFO - Sync 1 DAGs
[2022-12-29T22:53:48.033-0500] {logging_mixin.py:137} INFO - [2022-12-29T22:53:48.033-0500] {dag.py:2697} INFO - Creating ORM DAG for realtor_census_dashboard_etl
[2022-12-29T22:53:48.040-0500] {logging_mixin.py:137} INFO - [2022-12-29T22:53:48.040-0500] {dag.py:3427} INFO - Setting next_dagrun for realtor_census_dashboard_etl to 2022-01-01T00:00:00+00:00, run_after=2022-01-02T00:00:00+00:00
[2022-12-29T22:53:48.052-0500] {processor.py:175} INFO - Processing /Users/miguelrondon/Desktop/CODE/Data Projects/Real-Estate-By-Census/dags/dag.py took 0.132 seconds
[2022-12-29T23:01:06.103-0500] {processor.py:153} INFO - Started process (PID=7387) to work on /Users/miguelrondon/Desktop/CODE/Data Projects/Real-Estate-By-Census/dags/dag.py
[2022-12-29T23:01:06.104-0500] {processor.py:743} INFO - Processing file /Users/miguelrondon/Desktop/CODE/Data Projects/Real-Estate-By-Census/dags/dag.py for tasks to queue
[2022-12-29T23:01:06.105-0500] {logging_mixin.py:137} INFO - [2022-12-29T23:01:06.105-0500] {dagbag.py:538} INFO - Filling up the DagBag from /Users/miguelrondon/Desktop/CODE/Data Projects/Real-Estate-By-Census/dags/dag.py
[2022-12-29T23:01:06.124-0500] {processor.py:753} INFO - DAG(s) dict_keys(['realtor_census_dashboard_etl']) retrieved from /Users/miguelrondon/Desktop/CODE/Data Projects/Real-Estate-By-Census/dags/dag.py
[2022-12-29T23:01:06.143-0500] {logging_mixin.py:137} INFO - [2022-12-29T23:01:06.143-0500] {dag.py:2676} INFO - Sync 1 DAGs
[2022-12-29T23:01:06.159-0500] {logging_mixin.py:137} INFO - [2022-12-29T23:01:06.159-0500] {dag.py:3427} INFO - Setting next_dagrun for realtor_census_dashboard_etl to 2022-01-01T00:00:00+00:00, run_after=2022-01-02T00:00:00+00:00
[2022-12-29T23:01:06.174-0500] {processor.py:175} INFO - Processing /Users/miguelrondon/Desktop/CODE/Data Projects/Real-Estate-By-Census/dags/dag.py took 0.075 seconds
[2022-12-29T23:19:11.295-0500] {processor.py:153} INFO - Started process (PID=7404) to work on /Users/miguelrondon/Desktop/CODE/Data Projects/Real-Estate-By-Census/dags/dag.py
[2022-12-29T23:19:11.296-0500] {processor.py:743} INFO - Processing file /Users/miguelrondon/Desktop/CODE/Data Projects/Real-Estate-By-Census/dags/dag.py for tasks to queue
[2022-12-29T23:19:11.297-0500] {logging_mixin.py:137} INFO - [2022-12-29T23:19:11.297-0500] {dagbag.py:538} INFO - Filling up the DagBag from /Users/miguelrondon/Desktop/CODE/Data Projects/Real-Estate-By-Census/dags/dag.py
[2022-12-29T23:19:11.313-0500] {processor.py:753} INFO - DAG(s) dict_keys(['realtor_census_dashboard_etl']) retrieved from /Users/miguelrondon/Desktop/CODE/Data Projects/Real-Estate-By-Census/dags/dag.py
[2022-12-29T23:19:11.330-0500] {logging_mixin.py:137} INFO - [2022-12-29T23:19:11.330-0500] {dag.py:2676} INFO - Sync 1 DAGs
[2022-12-29T23:19:11.345-0500] {logging_mixin.py:137} INFO - [2022-12-29T23:19:11.345-0500] {dag.py:3427} INFO - Setting next_dagrun for realtor_census_dashboard_etl to 2022-01-01T00:00:00+00:00, run_after=2022-01-02T00:00:00+00:00
[2022-12-29T23:19:11.358-0500] {processor.py:175} INFO - Processing /Users/miguelrondon/Desktop/CODE/Data Projects/Real-Estate-By-Census/dags/dag.py took 0.066 seconds
[2022-12-29T23:35:52.116-0500] {processor.py:153} INFO - Started process (PID=7407) to work on /Users/miguelrondon/Desktop/CODE/Data Projects/Real-Estate-By-Census/dags/dag.py
[2022-12-29T23:35:52.118-0500] {processor.py:743} INFO - Processing file /Users/miguelrondon/Desktop/CODE/Data Projects/Real-Estate-By-Census/dags/dag.py for tasks to queue
[2022-12-29T23:35:52.119-0500] {logging_mixin.py:137} INFO - [2022-12-29T23:35:52.119-0500] {dagbag.py:538} INFO - Filling up the DagBag from /Users/miguelrondon/Desktop/CODE/Data Projects/Real-Estate-By-Census/dags/dag.py
[2022-12-29T23:35:52.139-0500] {processor.py:753} INFO - DAG(s) dict_keys(['realtor_census_dashboard_etl']) retrieved from /Users/miguelrondon/Desktop/CODE/Data Projects/Real-Estate-By-Census/dags/dag.py
[2022-12-29T23:35:52.161-0500] {logging_mixin.py:137} INFO - [2022-12-29T23:35:52.160-0500] {dag.py:2676} INFO - Sync 1 DAGs
[2022-12-29T23:35:52.177-0500] {logging_mixin.py:137} INFO - [2022-12-29T23:35:52.177-0500] {dag.py:3427} INFO - Setting next_dagrun for realtor_census_dashboard_etl to 2022-01-01T00:00:00+00:00, run_after=2022-01-02T00:00:00+00:00
[2022-12-29T23:35:52.191-0500] {processor.py:175} INFO - Processing /Users/miguelrondon/Desktop/CODE/Data Projects/Real-Estate-By-Census/dags/dag.py took 0.078 seconds
[2022-12-29T23:52:16.198-0500] {processor.py:153} INFO - Started process (PID=7418) to work on /Users/miguelrondon/Desktop/CODE/Data Projects/Real-Estate-By-Census/dags/dag.py
[2022-12-29T23:52:16.199-0500] {processor.py:743} INFO - Processing file /Users/miguelrondon/Desktop/CODE/Data Projects/Real-Estate-By-Census/dags/dag.py for tasks to queue
[2022-12-29T23:52:16.200-0500] {logging_mixin.py:137} INFO - [2022-12-29T23:52:16.200-0500] {dagbag.py:538} INFO - Filling up the DagBag from /Users/miguelrondon/Desktop/CODE/Data Projects/Real-Estate-By-Census/dags/dag.py
[2022-12-29T23:52:16.228-0500] {processor.py:753} INFO - DAG(s) dict_keys(['realtor_census_dashboard_etl']) retrieved from /Users/miguelrondon/Desktop/CODE/Data Projects/Real-Estate-By-Census/dags/dag.py
[2022-12-29T23:52:16.253-0500] {logging_mixin.py:137} INFO - [2022-12-29T23:52:16.253-0500] {dag.py:2676} INFO - Sync 1 DAGs
[2022-12-29T23:52:16.283-0500] {logging_mixin.py:137} INFO - [2022-12-29T23:52:16.282-0500] {dag.py:3427} INFO - Setting next_dagrun for realtor_census_dashboard_etl to 2022-01-01T00:00:00+00:00, run_after=2022-01-02T00:00:00+00:00
[2022-12-29T23:52:16.308-0500] {processor.py:175} INFO - Processing /Users/miguelrondon/Desktop/CODE/Data Projects/Real-Estate-By-Census/dags/dag.py took 0.113 seconds
[2022-12-30T00:08:07.151-0500] {processor.py:153} INFO - Started process (PID=7430) to work on /Users/miguelrondon/Desktop/CODE/Data Projects/Real-Estate-By-Census/dags/dag.py
[2022-12-30T00:08:07.153-0500] {processor.py:743} INFO - Processing file /Users/miguelrondon/Desktop/CODE/Data Projects/Real-Estate-By-Census/dags/dag.py for tasks to queue
[2022-12-30T00:08:07.154-0500] {logging_mixin.py:137} INFO - [2022-12-30T00:08:07.154-0500] {dagbag.py:538} INFO - Filling up the DagBag from /Users/miguelrondon/Desktop/CODE/Data Projects/Real-Estate-By-Census/dags/dag.py
[2022-12-30T00:08:07.171-0500] {processor.py:753} INFO - DAG(s) dict_keys(['realtor_census_dashboard_etl']) retrieved from /Users/miguelrondon/Desktop/CODE/Data Projects/Real-Estate-By-Census/dags/dag.py
[2022-12-30T00:08:07.188-0500] {logging_mixin.py:137} INFO - [2022-12-30T00:08:07.188-0500] {dag.py:2676} INFO - Sync 1 DAGs
[2022-12-30T00:08:07.204-0500] {logging_mixin.py:137} INFO - [2022-12-30T00:08:07.203-0500] {dag.py:3427} INFO - Setting next_dagrun for realtor_census_dashboard_etl to 2022-01-01T00:00:00+00:00, run_after=2022-01-02T00:00:00+00:00
[2022-12-30T00:08:07.216-0500] {processor.py:175} INFO - Processing /Users/miguelrondon/Desktop/CODE/Data Projects/Real-Estate-By-Census/dags/dag.py took 0.068 seconds
[2022-12-30T00:20:16.233-0500] {processor.py:153} INFO - Started process (PID=7450) to work on /Users/miguelrondon/Desktop/CODE/Data Projects/Real-Estate-By-Census/dags/dag.py
[2022-12-30T00:20:16.235-0500] {processor.py:743} INFO - Processing file /Users/miguelrondon/Desktop/CODE/Data Projects/Real-Estate-By-Census/dags/dag.py for tasks to queue
[2022-12-30T00:20:16.237-0500] {logging_mixin.py:137} INFO - [2022-12-30T00:20:16.236-0500] {dagbag.py:538} INFO - Filling up the DagBag from /Users/miguelrondon/Desktop/CODE/Data Projects/Real-Estate-By-Census/dags/dag.py
[2022-12-30T00:20:16.262-0500] {processor.py:753} INFO - DAG(s) dict_keys(['realtor_census_dashboard_etl']) retrieved from /Users/miguelrondon/Desktop/CODE/Data Projects/Real-Estate-By-Census/dags/dag.py
[2022-12-30T00:20:16.290-0500] {logging_mixin.py:137} INFO - [2022-12-30T00:20:16.289-0500] {dag.py:2676} INFO - Sync 1 DAGs
[2022-12-30T00:20:16.306-0500] {logging_mixin.py:137} INFO - [2022-12-30T00:20:16.305-0500] {dag.py:3427} INFO - Setting next_dagrun for realtor_census_dashboard_etl to 2022-01-01T00:00:00+00:00, run_after=2022-01-02T00:00:00+00:00
[2022-12-30T00:20:16.318-0500] {processor.py:175} INFO - Processing /Users/miguelrondon/Desktop/CODE/Data Projects/Real-Estate-By-Census/dags/dag.py took 0.089 seconds
[2022-12-30T00:35:47.450-0500] {processor.py:153} INFO - Started process (PID=7460) to work on /Users/miguelrondon/Desktop/CODE/Data Projects/Real-Estate-By-Census/dags/dag.py
[2022-12-30T00:35:47.455-0500] {processor.py:743} INFO - Processing file /Users/miguelrondon/Desktop/CODE/Data Projects/Real-Estate-By-Census/dags/dag.py for tasks to queue
[2022-12-30T00:35:47.455-0500] {logging_mixin.py:137} INFO - [2022-12-30T00:35:47.455-0500] {dagbag.py:538} INFO - Filling up the DagBag from /Users/miguelrondon/Desktop/CODE/Data Projects/Real-Estate-By-Census/dags/dag.py
[2022-12-30T00:35:47.472-0500] {processor.py:753} INFO - DAG(s) dict_keys(['realtor_census_dashboard_etl']) retrieved from /Users/miguelrondon/Desktop/CODE/Data Projects/Real-Estate-By-Census/dags/dag.py
[2022-12-30T00:35:47.496-0500] {logging_mixin.py:137} INFO - [2022-12-30T00:35:47.495-0500] {dag.py:2676} INFO - Sync 1 DAGs
[2022-12-30T00:35:47.514-0500] {logging_mixin.py:137} INFO - [2022-12-30T00:35:47.514-0500] {dag.py:3427} INFO - Setting next_dagrun for realtor_census_dashboard_etl to 2022-01-01T00:00:00+00:00, run_after=2022-01-02T00:00:00+00:00
[2022-12-30T00:35:47.543-0500] {processor.py:175} INFO - Processing /Users/miguelrondon/Desktop/CODE/Data Projects/Real-Estate-By-Census/dags/dag.py took 0.095 seconds
[2022-12-30T00:52:37.628-0500] {processor.py:153} INFO - Started process (PID=7470) to work on /Users/miguelrondon/Desktop/CODE/Data Projects/Real-Estate-By-Census/dags/dag.py
[2022-12-30T00:52:37.629-0500] {processor.py:743} INFO - Processing file /Users/miguelrondon/Desktop/CODE/Data Projects/Real-Estate-By-Census/dags/dag.py for tasks to queue
[2022-12-30T00:52:37.630-0500] {logging_mixin.py:137} INFO - [2022-12-30T00:52:37.630-0500] {dagbag.py:538} INFO - Filling up the DagBag from /Users/miguelrondon/Desktop/CODE/Data Projects/Real-Estate-By-Census/dags/dag.py
[2022-12-30T00:52:37.650-0500] {processor.py:753} INFO - DAG(s) dict_keys(['realtor_census_dashboard_etl']) retrieved from /Users/miguelrondon/Desktop/CODE/Data Projects/Real-Estate-By-Census/dags/dag.py
[2022-12-30T00:52:37.672-0500] {logging_mixin.py:137} INFO - [2022-12-30T00:52:37.672-0500] {dag.py:2676} INFO - Sync 1 DAGs
[2022-12-30T00:52:37.706-0500] {logging_mixin.py:137} INFO - [2022-12-30T00:52:37.697-0500] {dag.py:3427} INFO - Setting next_dagrun for realtor_census_dashboard_etl to 2022-01-01T00:00:00+00:00, run_after=2022-01-02T00:00:00+00:00
[2022-12-30T00:52:37.724-0500] {processor.py:175} INFO - Processing /Users/miguelrondon/Desktop/CODE/Data Projects/Real-Estate-By-Census/dags/dag.py took 0.100 seconds
[2022-12-30T01:09:33.609-0500] {processor.py:153} INFO - Started process (PID=7477) to work on /Users/miguelrondon/Desktop/CODE/Data Projects/Real-Estate-By-Census/dags/dag.py
[2022-12-30T01:09:33.611-0500] {processor.py:743} INFO - Processing file /Users/miguelrondon/Desktop/CODE/Data Projects/Real-Estate-By-Census/dags/dag.py for tasks to queue
[2022-12-30T01:09:33.612-0500] {logging_mixin.py:137} INFO - [2022-12-30T01:09:33.612-0500] {dagbag.py:538} INFO - Filling up the DagBag from /Users/miguelrondon/Desktop/CODE/Data Projects/Real-Estate-By-Census/dags/dag.py
[2022-12-30T01:09:33.630-0500] {processor.py:753} INFO - DAG(s) dict_keys(['realtor_census_dashboard_etl']) retrieved from /Users/miguelrondon/Desktop/CODE/Data Projects/Real-Estate-By-Census/dags/dag.py
[2022-12-30T01:09:33.650-0500] {logging_mixin.py:137} INFO - [2022-12-30T01:09:33.650-0500] {dag.py:2676} INFO - Sync 1 DAGs
[2022-12-30T01:09:33.681-0500] {logging_mixin.py:137} INFO - [2022-12-30T01:09:33.681-0500] {dag.py:3427} INFO - Setting next_dagrun for realtor_census_dashboard_etl to 2022-01-01T00:00:00+00:00, run_after=2022-01-02T00:00:00+00:00
[2022-12-30T01:09:33.701-0500] {processor.py:175} INFO - Processing /Users/miguelrondon/Desktop/CODE/Data Projects/Real-Estate-By-Census/dags/dag.py took 0.098 seconds
[2022-12-30T01:26:33.902-0500] {processor.py:153} INFO - Started process (PID=7486) to work on /Users/miguelrondon/Desktop/CODE/Data Projects/Real-Estate-By-Census/dags/dag.py
[2022-12-30T01:26:33.904-0500] {processor.py:743} INFO - Processing file /Users/miguelrondon/Desktop/CODE/Data Projects/Real-Estate-By-Census/dags/dag.py for tasks to queue
[2022-12-30T01:26:33.905-0500] {logging_mixin.py:137} INFO - [2022-12-30T01:26:33.905-0500] {dagbag.py:538} INFO - Filling up the DagBag from /Users/miguelrondon/Desktop/CODE/Data Projects/Real-Estate-By-Census/dags/dag.py
[2022-12-30T01:26:33.926-0500] {processor.py:753} INFO - DAG(s) dict_keys(['realtor_census_dashboard_etl']) retrieved from /Users/miguelrondon/Desktop/CODE/Data Projects/Real-Estate-By-Census/dags/dag.py
[2022-12-30T01:26:33.952-0500] {logging_mixin.py:137} INFO - [2022-12-30T01:26:33.952-0500] {dag.py:2676} INFO - Sync 1 DAGs
[2022-12-30T01:26:33.987-0500] {logging_mixin.py:137} INFO - [2022-12-30T01:26:33.986-0500] {dag.py:3427} INFO - Setting next_dagrun for realtor_census_dashboard_etl to 2022-01-01T00:00:00+00:00, run_after=2022-01-02T00:00:00+00:00
[2022-12-30T01:26:34.007-0500] {processor.py:175} INFO - Processing /Users/miguelrondon/Desktop/CODE/Data Projects/Real-Estate-By-Census/dags/dag.py took 0.111 seconds
[2022-12-30T01:42:12.497-0500] {processor.py:153} INFO - Started process (PID=7499) to work on /Users/miguelrondon/Desktop/CODE/Data Projects/Real-Estate-By-Census/dags/dag.py
[2022-12-30T01:42:12.498-0500] {processor.py:743} INFO - Processing file /Users/miguelrondon/Desktop/CODE/Data Projects/Real-Estate-By-Census/dags/dag.py for tasks to queue
[2022-12-30T01:42:12.499-0500] {logging_mixin.py:137} INFO - [2022-12-30T01:42:12.499-0500] {dagbag.py:538} INFO - Filling up the DagBag from /Users/miguelrondon/Desktop/CODE/Data Projects/Real-Estate-By-Census/dags/dag.py
[2022-12-30T01:42:12.516-0500] {processor.py:753} INFO - DAG(s) dict_keys(['realtor_census_dashboard_etl']) retrieved from /Users/miguelrondon/Desktop/CODE/Data Projects/Real-Estate-By-Census/dags/dag.py
[2022-12-30T01:42:12.534-0500] {logging_mixin.py:137} INFO - [2022-12-30T01:42:12.534-0500] {dag.py:2676} INFO - Sync 1 DAGs
[2022-12-30T01:42:12.552-0500] {logging_mixin.py:137} INFO - [2022-12-30T01:42:12.552-0500] {dag.py:3427} INFO - Setting next_dagrun for realtor_census_dashboard_etl to 2022-01-01T00:00:00+00:00, run_after=2022-01-02T00:00:00+00:00
[2022-12-30T01:42:12.564-0500] {processor.py:175} INFO - Processing /Users/miguelrondon/Desktop/CODE/Data Projects/Real-Estate-By-Census/dags/dag.py took 0.070 seconds
[2022-12-30T01:57:52.861-0500] {processor.py:153} INFO - Started process (PID=7505) to work on /Users/miguelrondon/Desktop/CODE/Data Projects/Real-Estate-By-Census/dags/dag.py
[2022-12-30T01:57:52.862-0500] {processor.py:743} INFO - Processing file /Users/miguelrondon/Desktop/CODE/Data Projects/Real-Estate-By-Census/dags/dag.py for tasks to queue
[2022-12-30T01:57:52.863-0500] {logging_mixin.py:137} INFO - [2022-12-30T01:57:52.863-0500] {dagbag.py:538} INFO - Filling up the DagBag from /Users/miguelrondon/Desktop/CODE/Data Projects/Real-Estate-By-Census/dags/dag.py
[2022-12-30T01:57:52.919-0500] {processor.py:753} INFO - DAG(s) dict_keys(['realtor_census_dashboard_etl']) retrieved from /Users/miguelrondon/Desktop/CODE/Data Projects/Real-Estate-By-Census/dags/dag.py
[2022-12-30T01:57:52.938-0500] {logging_mixin.py:137} INFO - [2022-12-30T01:57:52.938-0500] {dag.py:2676} INFO - Sync 1 DAGs
[2022-12-30T01:57:52.956-0500] {logging_mixin.py:137} INFO - [2022-12-30T01:57:52.956-0500] {dag.py:3427} INFO - Setting next_dagrun for realtor_census_dashboard_etl to 2022-01-01T00:00:00+00:00, run_after=2022-01-02T00:00:00+00:00
[2022-12-30T01:57:52.969-0500] {processor.py:175} INFO - Processing /Users/miguelrondon/Desktop/CODE/Data Projects/Real-Estate-By-Census/dags/dag.py took 0.112 seconds
[2022-12-30T02:14:23.001-0500] {processor.py:153} INFO - Started process (PID=7521) to work on /Users/miguelrondon/Desktop/CODE/Data Projects/Real-Estate-By-Census/dags/dag.py
[2022-12-30T02:14:23.003-0500] {processor.py:743} INFO - Processing file /Users/miguelrondon/Desktop/CODE/Data Projects/Real-Estate-By-Census/dags/dag.py for tasks to queue
[2022-12-30T02:14:23.004-0500] {logging_mixin.py:137} INFO - [2022-12-30T02:14:23.003-0500] {dagbag.py:538} INFO - Filling up the DagBag from /Users/miguelrondon/Desktop/CODE/Data Projects/Real-Estate-By-Census/dags/dag.py
[2022-12-30T02:14:23.020-0500] {processor.py:753} INFO - DAG(s) dict_keys(['realtor_census_dashboard_etl']) retrieved from /Users/miguelrondon/Desktop/CODE/Data Projects/Real-Estate-By-Census/dags/dag.py
[2022-12-30T02:14:23.036-0500] {logging_mixin.py:137} INFO - [2022-12-30T02:14:23.036-0500] {dag.py:2676} INFO - Sync 1 DAGs
[2022-12-30T02:14:23.051-0500] {logging_mixin.py:137} INFO - [2022-12-30T02:14:23.051-0500] {dag.py:3427} INFO - Setting next_dagrun for realtor_census_dashboard_etl to 2022-01-01T00:00:00+00:00, run_after=2022-01-02T00:00:00+00:00
[2022-12-30T02:14:23.063-0500] {processor.py:175} INFO - Processing /Users/miguelrondon/Desktop/CODE/Data Projects/Real-Estate-By-Census/dags/dag.py took 0.064 seconds
[2022-12-30T02:30:07.024-0500] {processor.py:153} INFO - Started process (PID=7525) to work on /Users/miguelrondon/Desktop/CODE/Data Projects/Real-Estate-By-Census/dags/dag.py
[2022-12-30T02:30:07.025-0500] {processor.py:743} INFO - Processing file /Users/miguelrondon/Desktop/CODE/Data Projects/Real-Estate-By-Census/dags/dag.py for tasks to queue
[2022-12-30T02:30:07.026-0500] {logging_mixin.py:137} INFO - [2022-12-30T02:30:07.026-0500] {dagbag.py:538} INFO - Filling up the DagBag from /Users/miguelrondon/Desktop/CODE/Data Projects/Real-Estate-By-Census/dags/dag.py
[2022-12-30T02:30:07.043-0500] {processor.py:753} INFO - DAG(s) dict_keys(['realtor_census_dashboard_etl']) retrieved from /Users/miguelrondon/Desktop/CODE/Data Projects/Real-Estate-By-Census/dags/dag.py
[2022-12-30T02:30:07.060-0500] {logging_mixin.py:137} INFO - [2022-12-30T02:30:07.059-0500] {dag.py:2676} INFO - Sync 1 DAGs
[2022-12-30T02:30:07.075-0500] {logging_mixin.py:137} INFO - [2022-12-30T02:30:07.074-0500] {dag.py:3427} INFO - Setting next_dagrun for realtor_census_dashboard_etl to 2022-01-01T00:00:00+00:00, run_after=2022-01-02T00:00:00+00:00
[2022-12-30T02:30:07.089-0500] {processor.py:175} INFO - Processing /Users/miguelrondon/Desktop/CODE/Data Projects/Real-Estate-By-Census/dags/dag.py took 0.069 seconds
[2022-12-30T02:47:00.905-0500] {processor.py:153} INFO - Started process (PID=7535) to work on /Users/miguelrondon/Desktop/CODE/Data Projects/Real-Estate-By-Census/dags/dag.py
[2022-12-30T02:47:00.907-0500] {processor.py:743} INFO - Processing file /Users/miguelrondon/Desktop/CODE/Data Projects/Real-Estate-By-Census/dags/dag.py for tasks to queue
[2022-12-30T02:47:00.908-0500] {logging_mixin.py:137} INFO - [2022-12-30T02:47:00.908-0500] {dagbag.py:538} INFO - Filling up the DagBag from /Users/miguelrondon/Desktop/CODE/Data Projects/Real-Estate-By-Census/dags/dag.py
[2022-12-30T02:47:00.926-0500] {processor.py:753} INFO - DAG(s) dict_keys(['realtor_census_dashboard_etl']) retrieved from /Users/miguelrondon/Desktop/CODE/Data Projects/Real-Estate-By-Census/dags/dag.py
[2022-12-30T02:47:00.946-0500] {logging_mixin.py:137} INFO - [2022-12-30T02:47:00.945-0500] {dag.py:2676} INFO - Sync 1 DAGs
[2022-12-30T02:47:00.964-0500] {logging_mixin.py:137} INFO - [2022-12-30T02:47:00.963-0500] {dag.py:3427} INFO - Setting next_dagrun for realtor_census_dashboard_etl to 2022-01-01T00:00:00+00:00, run_after=2022-01-02T00:00:00+00:00
[2022-12-30T02:47:00.976-0500] {processor.py:175} INFO - Processing /Users/miguelrondon/Desktop/CODE/Data Projects/Real-Estate-By-Census/dags/dag.py took 0.074 seconds
[2022-12-30T03:04:20.726-0500] {processor.py:153} INFO - Started process (PID=7546) to work on /Users/miguelrondon/Desktop/CODE/Data Projects/Real-Estate-By-Census/dags/dag.py
[2022-12-30T03:04:20.728-0500] {processor.py:743} INFO - Processing file /Users/miguelrondon/Desktop/CODE/Data Projects/Real-Estate-By-Census/dags/dag.py for tasks to queue
[2022-12-30T03:04:20.729-0500] {logging_mixin.py:137} INFO - [2022-12-30T03:04:20.728-0500] {dagbag.py:538} INFO - Filling up the DagBag from /Users/miguelrondon/Desktop/CODE/Data Projects/Real-Estate-By-Census/dags/dag.py
[2022-12-30T03:04:20.745-0500] {processor.py:753} INFO - DAG(s) dict_keys(['realtor_census_dashboard_etl']) retrieved from /Users/miguelrondon/Desktop/CODE/Data Projects/Real-Estate-By-Census/dags/dag.py
[2022-12-30T03:04:20.761-0500] {logging_mixin.py:137} INFO - [2022-12-30T03:04:20.761-0500] {dag.py:2676} INFO - Sync 1 DAGs
[2022-12-30T03:04:20.776-0500] {logging_mixin.py:137} INFO - [2022-12-30T03:04:20.776-0500] {dag.py:3427} INFO - Setting next_dagrun for realtor_census_dashboard_etl to 2022-01-01T00:00:00+00:00, run_after=2022-01-02T00:00:00+00:00
[2022-12-30T03:04:20.788-0500] {processor.py:175} INFO - Processing /Users/miguelrondon/Desktop/CODE/Data Projects/Real-Estate-By-Census/dags/dag.py took 0.065 seconds
[2022-12-30T03:20:55.864-0500] {processor.py:153} INFO - Started process (PID=7558) to work on /Users/miguelrondon/Desktop/CODE/Data Projects/Real-Estate-By-Census/dags/dag.py
[2022-12-30T03:20:55.865-0500] {processor.py:743} INFO - Processing file /Users/miguelrondon/Desktop/CODE/Data Projects/Real-Estate-By-Census/dags/dag.py for tasks to queue
[2022-12-30T03:20:55.866-0500] {logging_mixin.py:137} INFO - [2022-12-30T03:20:55.866-0500] {dagbag.py:538} INFO - Filling up the DagBag from /Users/miguelrondon/Desktop/CODE/Data Projects/Real-Estate-By-Census/dags/dag.py
[2022-12-30T03:20:55.884-0500] {processor.py:753} INFO - DAG(s) dict_keys(['realtor_census_dashboard_etl']) retrieved from /Users/miguelrondon/Desktop/CODE/Data Projects/Real-Estate-By-Census/dags/dag.py
[2022-12-30T03:20:55.907-0500] {logging_mixin.py:137} INFO - [2022-12-30T03:20:55.906-0500] {dag.py:2676} INFO - Sync 1 DAGs
[2022-12-30T03:20:55.925-0500] {logging_mixin.py:137} INFO - [2022-12-30T03:20:55.924-0500] {dag.py:3427} INFO - Setting next_dagrun for realtor_census_dashboard_etl to 2022-01-01T00:00:00+00:00, run_after=2022-01-02T00:00:00+00:00
[2022-12-30T03:20:55.991-0500] {processor.py:175} INFO - Processing /Users/miguelrondon/Desktop/CODE/Data Projects/Real-Estate-By-Census/dags/dag.py took 0.129 seconds
[2022-12-30T03:36:31.384-0500] {processor.py:153} INFO - Started process (PID=7606) to work on /Users/miguelrondon/Desktop/CODE/Data Projects/Real-Estate-By-Census/dags/dag.py
[2022-12-30T03:36:31.385-0500] {processor.py:743} INFO - Processing file /Users/miguelrondon/Desktop/CODE/Data Projects/Real-Estate-By-Census/dags/dag.py for tasks to queue
[2022-12-30T03:36:31.386-0500] {logging_mixin.py:137} INFO - [2022-12-30T03:36:31.386-0500] {dagbag.py:538} INFO - Filling up the DagBag from /Users/miguelrondon/Desktop/CODE/Data Projects/Real-Estate-By-Census/dags/dag.py
[2022-12-30T03:36:31.403-0500] {processor.py:753} INFO - DAG(s) dict_keys(['realtor_census_dashboard_etl']) retrieved from /Users/miguelrondon/Desktop/CODE/Data Projects/Real-Estate-By-Census/dags/dag.py
[2022-12-30T03:36:31.420-0500] {logging_mixin.py:137} INFO - [2022-12-30T03:36:31.420-0500] {dag.py:2676} INFO - Sync 1 DAGs
[2022-12-30T03:36:31.435-0500] {logging_mixin.py:137} INFO - [2022-12-30T03:36:31.435-0500] {dag.py:3427} INFO - Setting next_dagrun for realtor_census_dashboard_etl to 2022-01-01T00:00:00+00:00, run_after=2022-01-02T00:00:00+00:00
[2022-12-30T03:36:31.446-0500] {processor.py:175} INFO - Processing /Users/miguelrondon/Desktop/CODE/Data Projects/Real-Estate-By-Census/dags/dag.py took 0.066 seconds
[2022-12-30T03:52:24.719-0500] {processor.py:153} INFO - Started process (PID=7608) to work on /Users/miguelrondon/Desktop/CODE/Data Projects/Real-Estate-By-Census/dags/dag.py
[2022-12-30T03:52:24.720-0500] {processor.py:743} INFO - Processing file /Users/miguelrondon/Desktop/CODE/Data Projects/Real-Estate-By-Census/dags/dag.py for tasks to queue
[2022-12-30T03:52:24.721-0500] {logging_mixin.py:137} INFO - [2022-12-30T03:52:24.721-0500] {dagbag.py:538} INFO - Filling up the DagBag from /Users/miguelrondon/Desktop/CODE/Data Projects/Real-Estate-By-Census/dags/dag.py
[2022-12-30T03:52:24.738-0500] {processor.py:753} INFO - DAG(s) dict_keys(['realtor_census_dashboard_etl']) retrieved from /Users/miguelrondon/Desktop/CODE/Data Projects/Real-Estate-By-Census/dags/dag.py
[2022-12-30T03:52:24.756-0500] {logging_mixin.py:137} INFO - [2022-12-30T03:52:24.755-0500] {dag.py:2676} INFO - Sync 1 DAGs
[2022-12-30T03:52:24.771-0500] {logging_mixin.py:137} INFO - [2022-12-30T03:52:24.771-0500] {dag.py:3427} INFO - Setting next_dagrun for realtor_census_dashboard_etl to 2022-01-01T00:00:00+00:00, run_after=2022-01-02T00:00:00+00:00
[2022-12-30T03:52:24.784-0500] {processor.py:175} INFO - Processing /Users/miguelrondon/Desktop/CODE/Data Projects/Real-Estate-By-Census/dags/dag.py took 0.068 seconds
[2022-12-30T04:09:51.633-0500] {processor.py:153} INFO - Started process (PID=7619) to work on /Users/miguelrondon/Desktop/CODE/Data Projects/Real-Estate-By-Census/dags/dag.py
[2022-12-30T04:09:51.634-0500] {processor.py:743} INFO - Processing file /Users/miguelrondon/Desktop/CODE/Data Projects/Real-Estate-By-Census/dags/dag.py for tasks to queue
[2022-12-30T04:09:51.635-0500] {logging_mixin.py:137} INFO - [2022-12-30T04:09:51.634-0500] {dagbag.py:538} INFO - Filling up the DagBag from /Users/miguelrondon/Desktop/CODE/Data Projects/Real-Estate-By-Census/dags/dag.py
[2022-12-30T04:09:51.651-0500] {processor.py:753} INFO - DAG(s) dict_keys(['realtor_census_dashboard_etl']) retrieved from /Users/miguelrondon/Desktop/CODE/Data Projects/Real-Estate-By-Census/dags/dag.py
[2022-12-30T04:09:51.669-0500] {logging_mixin.py:137} INFO - [2022-12-30T04:09:51.669-0500] {dag.py:2676} INFO - Sync 1 DAGs
[2022-12-30T04:09:51.685-0500] {logging_mixin.py:137} INFO - [2022-12-30T04:09:51.685-0500] {dag.py:3427} INFO - Setting next_dagrun for realtor_census_dashboard_etl to 2022-01-01T00:00:00+00:00, run_after=2022-01-02T00:00:00+00:00
[2022-12-30T04:09:51.700-0500] {processor.py:175} INFO - Processing /Users/miguelrondon/Desktop/CODE/Data Projects/Real-Estate-By-Census/dags/dag.py took 0.070 seconds
[2022-12-30T04:26:29.067-0500] {processor.py:153} INFO - Started process (PID=7638) to work on /Users/miguelrondon/Desktop/CODE/Data Projects/Real-Estate-By-Census/dags/dag.py
[2022-12-30T04:26:29.069-0500] {processor.py:743} INFO - Processing file /Users/miguelrondon/Desktop/CODE/Data Projects/Real-Estate-By-Census/dags/dag.py for tasks to queue
[2022-12-30T04:26:29.070-0500] {logging_mixin.py:137} INFO - [2022-12-30T04:26:29.069-0500] {dagbag.py:538} INFO - Filling up the DagBag from /Users/miguelrondon/Desktop/CODE/Data Projects/Real-Estate-By-Census/dags/dag.py
[2022-12-30T04:26:29.086-0500] {processor.py:753} INFO - DAG(s) dict_keys(['realtor_census_dashboard_etl']) retrieved from /Users/miguelrondon/Desktop/CODE/Data Projects/Real-Estate-By-Census/dags/dag.py
[2022-12-30T04:26:29.103-0500] {logging_mixin.py:137} INFO - [2022-12-30T04:26:29.103-0500] {dag.py:2676} INFO - Sync 1 DAGs
[2022-12-30T04:26:29.120-0500] {logging_mixin.py:137} INFO - [2022-12-30T04:26:29.120-0500] {dag.py:3427} INFO - Setting next_dagrun for realtor_census_dashboard_etl to 2022-01-01T00:00:00+00:00, run_after=2022-01-02T00:00:00+00:00
[2022-12-30T04:26:29.133-0500] {processor.py:175} INFO - Processing /Users/miguelrondon/Desktop/CODE/Data Projects/Real-Estate-By-Census/dags/dag.py took 0.069 seconds
[2022-12-30T04:44:30.901-0500] {processor.py:153} INFO - Started process (PID=7655) to work on /Users/miguelrondon/Desktop/CODE/Data Projects/Real-Estate-By-Census/dags/dag.py
[2022-12-30T04:44:30.911-0500] {processor.py:743} INFO - Processing file /Users/miguelrondon/Desktop/CODE/Data Projects/Real-Estate-By-Census/dags/dag.py for tasks to queue
[2022-12-30T04:44:30.913-0500] {logging_mixin.py:137} INFO - [2022-12-30T04:44:30.912-0500] {dagbag.py:538} INFO - Filling up the DagBag from /Users/miguelrondon/Desktop/CODE/Data Projects/Real-Estate-By-Census/dags/dag.py
[2022-12-30T04:44:30.933-0500] {processor.py:753} INFO - DAG(s) dict_keys(['realtor_census_dashboard_etl']) retrieved from /Users/miguelrondon/Desktop/CODE/Data Projects/Real-Estate-By-Census/dags/dag.py
[2022-12-30T04:44:30.959-0500] {logging_mixin.py:137} INFO - [2022-12-30T04:44:30.959-0500] {dag.py:2676} INFO - Sync 1 DAGs
[2022-12-30T04:44:30.977-0500] {logging_mixin.py:137} INFO - [2022-12-30T04:44:30.977-0500] {dag.py:3427} INFO - Setting next_dagrun for realtor_census_dashboard_etl to 2022-01-01T00:00:00+00:00, run_after=2022-01-02T00:00:00+00:00
[2022-12-30T04:44:30.990-0500] {processor.py:175} INFO - Processing /Users/miguelrondon/Desktop/CODE/Data Projects/Real-Estate-By-Census/dags/dag.py took 0.093 seconds
[2022-12-30T04:59:57.977-0500] {processor.py:153} INFO - Started process (PID=7666) to work on /Users/miguelrondon/Desktop/CODE/Data Projects/Real-Estate-By-Census/dags/dag.py
[2022-12-30T04:59:57.978-0500] {processor.py:743} INFO - Processing file /Users/miguelrondon/Desktop/CODE/Data Projects/Real-Estate-By-Census/dags/dag.py for tasks to queue
[2022-12-30T04:59:57.979-0500] {logging_mixin.py:137} INFO - [2022-12-30T04:59:57.979-0500] {dagbag.py:538} INFO - Filling up the DagBag from /Users/miguelrondon/Desktop/CODE/Data Projects/Real-Estate-By-Census/dags/dag.py
[2022-12-30T04:59:57.997-0500] {processor.py:753} INFO - DAG(s) dict_keys(['realtor_census_dashboard_etl']) retrieved from /Users/miguelrondon/Desktop/CODE/Data Projects/Real-Estate-By-Census/dags/dag.py
[2022-12-30T04:59:58.014-0500] {logging_mixin.py:137} INFO - [2022-12-30T04:59:58.014-0500] {dag.py:2676} INFO - Sync 1 DAGs
[2022-12-30T04:59:58.029-0500] {logging_mixin.py:137} INFO - [2022-12-30T04:59:58.029-0500] {dag.py:3427} INFO - Setting next_dagrun for realtor_census_dashboard_etl to 2022-01-01T00:00:00+00:00, run_after=2022-01-02T00:00:00+00:00
[2022-12-30T04:59:58.041-0500] {processor.py:175} INFO - Processing /Users/miguelrondon/Desktop/CODE/Data Projects/Real-Estate-By-Census/dags/dag.py took 0.068 seconds
[2022-12-30T05:15:39.763-0500] {processor.py:153} INFO - Started process (PID=7672) to work on /Users/miguelrondon/Desktop/CODE/Data Projects/Real-Estate-By-Census/dags/dag.py
[2022-12-30T05:15:39.765-0500] {processor.py:743} INFO - Processing file /Users/miguelrondon/Desktop/CODE/Data Projects/Real-Estate-By-Census/dags/dag.py for tasks to queue
[2022-12-30T05:15:39.766-0500] {logging_mixin.py:137} INFO - [2022-12-30T05:15:39.765-0500] {dagbag.py:538} INFO - Filling up the DagBag from /Users/miguelrondon/Desktop/CODE/Data Projects/Real-Estate-By-Census/dags/dag.py
[2022-12-30T05:15:39.784-0500] {processor.py:753} INFO - DAG(s) dict_keys(['realtor_census_dashboard_etl']) retrieved from /Users/miguelrondon/Desktop/CODE/Data Projects/Real-Estate-By-Census/dags/dag.py
[2022-12-30T05:15:39.808-0500] {logging_mixin.py:137} INFO - [2022-12-30T05:15:39.808-0500] {dag.py:2676} INFO - Sync 1 DAGs
[2022-12-30T05:15:39.839-0500] {logging_mixin.py:137} INFO - [2022-12-30T05:15:39.838-0500] {dag.py:3427} INFO - Setting next_dagrun for realtor_census_dashboard_etl to 2022-01-01T00:00:00+00:00, run_after=2022-01-02T00:00:00+00:00
[2022-12-30T05:15:39.863-0500] {processor.py:175} INFO - Processing /Users/miguelrondon/Desktop/CODE/Data Projects/Real-Estate-By-Census/dags/dag.py took 0.103 seconds
[2022-12-30T05:31:09.520-0500] {processor.py:153} INFO - Started process (PID=7681) to work on /Users/miguelrondon/Desktop/CODE/Data Projects/Real-Estate-By-Census/dags/dag.py
[2022-12-30T05:31:09.521-0500] {processor.py:743} INFO - Processing file /Users/miguelrondon/Desktop/CODE/Data Projects/Real-Estate-By-Census/dags/dag.py for tasks to queue
[2022-12-30T05:31:09.522-0500] {logging_mixin.py:137} INFO - [2022-12-30T05:31:09.522-0500] {dagbag.py:538} INFO - Filling up the DagBag from /Users/miguelrondon/Desktop/CODE/Data Projects/Real-Estate-By-Census/dags/dag.py
[2022-12-30T05:31:09.543-0500] {processor.py:753} INFO - DAG(s) dict_keys(['realtor_census_dashboard_etl']) retrieved from /Users/miguelrondon/Desktop/CODE/Data Projects/Real-Estate-By-Census/dags/dag.py
[2022-12-30T05:31:09.563-0500] {logging_mixin.py:137} INFO - [2022-12-30T05:31:09.563-0500] {dag.py:2676} INFO - Sync 1 DAGs
[2022-12-30T05:31:09.579-0500] {logging_mixin.py:137} INFO - [2022-12-30T05:31:09.579-0500] {dag.py:3427} INFO - Setting next_dagrun for realtor_census_dashboard_etl to 2022-01-01T00:00:00+00:00, run_after=2022-01-02T00:00:00+00:00
[2022-12-30T05:31:09.594-0500] {processor.py:175} INFO - Processing /Users/miguelrondon/Desktop/CODE/Data Projects/Real-Estate-By-Census/dags/dag.py took 0.076 seconds
[2022-12-30T05:48:47.859-0500] {processor.py:153} INFO - Started process (PID=7695) to work on /Users/miguelrondon/Desktop/CODE/Data Projects/Real-Estate-By-Census/dags/dag.py
[2022-12-30T05:48:47.860-0500] {processor.py:743} INFO - Processing file /Users/miguelrondon/Desktop/CODE/Data Projects/Real-Estate-By-Census/dags/dag.py for tasks to queue
[2022-12-30T05:48:47.861-0500] {logging_mixin.py:137} INFO - [2022-12-30T05:48:47.861-0500] {dagbag.py:538} INFO - Filling up the DagBag from /Users/miguelrondon/Desktop/CODE/Data Projects/Real-Estate-By-Census/dags/dag.py
[2022-12-30T05:48:47.878-0500] {processor.py:753} INFO - DAG(s) dict_keys(['realtor_census_dashboard_etl']) retrieved from /Users/miguelrondon/Desktop/CODE/Data Projects/Real-Estate-By-Census/dags/dag.py
[2022-12-30T05:48:47.898-0500] {logging_mixin.py:137} INFO - [2022-12-30T05:48:47.897-0500] {dag.py:2676} INFO - Sync 1 DAGs
[2022-12-30T05:48:47.913-0500] {logging_mixin.py:137} INFO - [2022-12-30T05:48:47.913-0500] {dag.py:3427} INFO - Setting next_dagrun for realtor_census_dashboard_etl to 2022-01-01T00:00:00+00:00, run_after=2022-01-02T00:00:00+00:00
[2022-12-30T05:48:47.925-0500] {processor.py:175} INFO - Processing /Users/miguelrondon/Desktop/CODE/Data Projects/Real-Estate-By-Census/dags/dag.py took 0.070 seconds
[2022-12-30T06:05:12.606-0500] {processor.py:153} INFO - Started process (PID=7701) to work on /Users/miguelrondon/Desktop/CODE/Data Projects/Real-Estate-By-Census/dags/dag.py
[2022-12-30T06:05:12.607-0500] {processor.py:743} INFO - Processing file /Users/miguelrondon/Desktop/CODE/Data Projects/Real-Estate-By-Census/dags/dag.py for tasks to queue
[2022-12-30T06:05:12.608-0500] {logging_mixin.py:137} INFO - [2022-12-30T06:05:12.608-0500] {dagbag.py:538} INFO - Filling up the DagBag from /Users/miguelrondon/Desktop/CODE/Data Projects/Real-Estate-By-Census/dags/dag.py
[2022-12-30T06:05:12.628-0500] {processor.py:753} INFO - DAG(s) dict_keys(['realtor_census_dashboard_etl']) retrieved from /Users/miguelrondon/Desktop/CODE/Data Projects/Real-Estate-By-Census/dags/dag.py
[2022-12-30T06:05:12.655-0500] {logging_mixin.py:137} INFO - [2022-12-30T06:05:12.655-0500] {dag.py:2676} INFO - Sync 1 DAGs
[2022-12-30T06:05:12.682-0500] {logging_mixin.py:137} INFO - [2022-12-30T06:05:12.681-0500] {dag.py:3427} INFO - Setting next_dagrun for realtor_census_dashboard_etl to 2022-01-01T00:00:00+00:00, run_after=2022-01-02T00:00:00+00:00
[2022-12-30T06:05:12.704-0500] {processor.py:175} INFO - Processing /Users/miguelrondon/Desktop/CODE/Data Projects/Real-Estate-By-Census/dags/dag.py took 0.102 seconds
[2022-12-30T06:22:28.905-0500] {processor.py:153} INFO - Started process (PID=7712) to work on /Users/miguelrondon/Desktop/CODE/Data Projects/Real-Estate-By-Census/dags/dag.py
[2022-12-30T06:22:28.906-0500] {processor.py:743} INFO - Processing file /Users/miguelrondon/Desktop/CODE/Data Projects/Real-Estate-By-Census/dags/dag.py for tasks to queue
[2022-12-30T06:22:28.907-0500] {logging_mixin.py:137} INFO - [2022-12-30T06:22:28.907-0500] {dagbag.py:538} INFO - Filling up the DagBag from /Users/miguelrondon/Desktop/CODE/Data Projects/Real-Estate-By-Census/dags/dag.py
[2022-12-30T06:22:28.924-0500] {processor.py:753} INFO - DAG(s) dict_keys(['realtor_census_dashboard_etl']) retrieved from /Users/miguelrondon/Desktop/CODE/Data Projects/Real-Estate-By-Census/dags/dag.py
[2022-12-30T06:22:28.948-0500] {logging_mixin.py:137} INFO - [2022-12-30T06:22:28.948-0500] {dag.py:2676} INFO - Sync 1 DAGs
[2022-12-30T06:22:28.986-0500] {logging_mixin.py:137} INFO - [2022-12-30T06:22:28.986-0500] {dag.py:3427} INFO - Setting next_dagrun for realtor_census_dashboard_etl to 2022-01-01T00:00:00+00:00, run_after=2022-01-02T00:00:00+00:00
[2022-12-30T06:22:29.006-0500] {processor.py:175} INFO - Processing /Users/miguelrondon/Desktop/CODE/Data Projects/Real-Estate-By-Census/dags/dag.py took 0.104 seconds
[2022-12-30T06:30:20.840-0500] {processor.py:153} INFO - Started process (PID=7731) to work on /Users/miguelrondon/Desktop/CODE/Data Projects/Real-Estate-By-Census/dags/dag.py
[2022-12-30T06:30:20.841-0500] {processor.py:743} INFO - Processing file /Users/miguelrondon/Desktop/CODE/Data Projects/Real-Estate-By-Census/dags/dag.py for tasks to queue
[2022-12-30T06:30:20.842-0500] {logging_mixin.py:137} INFO - [2022-12-30T06:30:20.842-0500] {dagbag.py:538} INFO - Filling up the DagBag from /Users/miguelrondon/Desktop/CODE/Data Projects/Real-Estate-By-Census/dags/dag.py
[2022-12-30T06:30:20.860-0500] {processor.py:753} INFO - DAG(s) dict_keys(['realtor_census_dashboard_etl']) retrieved from /Users/miguelrondon/Desktop/CODE/Data Projects/Real-Estate-By-Census/dags/dag.py
[2022-12-30T06:30:20.886-0500] {logging_mixin.py:137} INFO - [2022-12-30T06:30:20.886-0500] {dag.py:2676} INFO - Sync 1 DAGs
[2022-12-30T06:30:20.907-0500] {logging_mixin.py:137} INFO - [2022-12-30T06:30:20.907-0500] {dag.py:3427} INFO - Setting next_dagrun for realtor_census_dashboard_etl to 2022-01-01T00:00:00+00:00, run_after=2022-01-02T00:00:00+00:00
[2022-12-30T06:30:20.927-0500] {processor.py:175} INFO - Processing /Users/miguelrondon/Desktop/CODE/Data Projects/Real-Estate-By-Census/dags/dag.py took 0.090 seconds
[2022-12-30T06:46:53.381-0500] {processor.py:153} INFO - Started process (PID=7736) to work on /Users/miguelrondon/Desktop/CODE/Data Projects/Real-Estate-By-Census/dags/dag.py
[2022-12-30T06:46:53.383-0500] {processor.py:743} INFO - Processing file /Users/miguelrondon/Desktop/CODE/Data Projects/Real-Estate-By-Census/dags/dag.py for tasks to queue
[2022-12-30T06:46:53.384-0500] {logging_mixin.py:137} INFO - [2022-12-30T06:46:53.383-0500] {dagbag.py:538} INFO - Filling up the DagBag from /Users/miguelrondon/Desktop/CODE/Data Projects/Real-Estate-By-Census/dags/dag.py
[2022-12-30T06:46:53.400-0500] {processor.py:753} INFO - DAG(s) dict_keys(['realtor_census_dashboard_etl']) retrieved from /Users/miguelrondon/Desktop/CODE/Data Projects/Real-Estate-By-Census/dags/dag.py
[2022-12-30T06:46:53.418-0500] {logging_mixin.py:137} INFO - [2022-12-30T06:46:53.417-0500] {dag.py:2676} INFO - Sync 1 DAGs
[2022-12-30T06:46:53.434-0500] {logging_mixin.py:137} INFO - [2022-12-30T06:46:53.433-0500] {dag.py:3427} INFO - Setting next_dagrun for realtor_census_dashboard_etl to 2022-01-01T00:00:00+00:00, run_after=2022-01-02T00:00:00+00:00
[2022-12-30T06:46:53.446-0500] {processor.py:175} INFO - Processing /Users/miguelrondon/Desktop/CODE/Data Projects/Real-Estate-By-Census/dags/dag.py took 0.068 seconds
[2022-12-30T07:04:28.507-0500] {processor.py:153} INFO - Started process (PID=7750) to work on /Users/miguelrondon/Desktop/CODE/Data Projects/Real-Estate-By-Census/dags/dag.py
[2022-12-30T07:04:28.508-0500] {processor.py:743} INFO - Processing file /Users/miguelrondon/Desktop/CODE/Data Projects/Real-Estate-By-Census/dags/dag.py for tasks to queue
[2022-12-30T07:04:28.509-0500] {logging_mixin.py:137} INFO - [2022-12-30T07:04:28.509-0500] {dagbag.py:538} INFO - Filling up the DagBag from /Users/miguelrondon/Desktop/CODE/Data Projects/Real-Estate-By-Census/dags/dag.py
[2022-12-30T07:04:28.522-0500] {processor.py:753} INFO - DAG(s) dict_keys(['realtor_census_dashboard_etl']) retrieved from /Users/miguelrondon/Desktop/CODE/Data Projects/Real-Estate-By-Census/dags/dag.py
[2022-12-30T07:04:28.539-0500] {logging_mixin.py:137} INFO - [2022-12-30T07:04:28.538-0500] {dag.py:2676} INFO - Sync 1 DAGs
[2022-12-30T07:04:28.554-0500] {logging_mixin.py:137} INFO - [2022-12-30T07:04:28.554-0500] {dag.py:3427} INFO - Setting next_dagrun for realtor_census_dashboard_etl to 2022-01-01T00:00:00+00:00, run_after=2022-01-02T00:00:00+00:00
[2022-12-30T07:04:28.567-0500] {processor.py:175} INFO - Processing /Users/miguelrondon/Desktop/CODE/Data Projects/Real-Estate-By-Census/dags/dag.py took 0.062 seconds
[2022-12-30T07:22:00.703-0500] {processor.py:153} INFO - Started process (PID=7762) to work on /Users/miguelrondon/Desktop/CODE/Data Projects/Real-Estate-By-Census/dags/dag.py
[2022-12-30T07:22:00.705-0500] {processor.py:743} INFO - Processing file /Users/miguelrondon/Desktop/CODE/Data Projects/Real-Estate-By-Census/dags/dag.py for tasks to queue
[2022-12-30T07:22:00.706-0500] {logging_mixin.py:137} INFO - [2022-12-30T07:22:00.705-0500] {dagbag.py:538} INFO - Filling up the DagBag from /Users/miguelrondon/Desktop/CODE/Data Projects/Real-Estate-By-Census/dags/dag.py
[2022-12-30T07:22:00.723-0500] {processor.py:753} INFO - DAG(s) dict_keys(['realtor_census_dashboard_etl']) retrieved from /Users/miguelrondon/Desktop/CODE/Data Projects/Real-Estate-By-Census/dags/dag.py
[2022-12-30T07:22:00.741-0500] {logging_mixin.py:137} INFO - [2022-12-30T07:22:00.741-0500] {dag.py:2676} INFO - Sync 1 DAGs
[2022-12-30T07:22:00.756-0500] {logging_mixin.py:137} INFO - [2022-12-30T07:22:00.756-0500] {dag.py:3427} INFO - Setting next_dagrun for realtor_census_dashboard_etl to 2022-01-01T00:00:00+00:00, run_after=2022-01-02T00:00:00+00:00
[2022-12-30T07:22:00.820-0500] {processor.py:175} INFO - Processing /Users/miguelrondon/Desktop/CODE/Data Projects/Real-Estate-By-Census/dags/dag.py took 0.120 seconds
[2022-12-30T07:37:20.388-0500] {processor.py:153} INFO - Started process (PID=7776) to work on /Users/miguelrondon/Desktop/CODE/Data Projects/Real-Estate-By-Census/dags/dag.py
[2022-12-30T07:37:20.389-0500] {processor.py:743} INFO - Processing file /Users/miguelrondon/Desktop/CODE/Data Projects/Real-Estate-By-Census/dags/dag.py for tasks to queue
[2022-12-30T07:37:20.390-0500] {logging_mixin.py:137} INFO - [2022-12-30T07:37:20.390-0500] {dagbag.py:538} INFO - Filling up the DagBag from /Users/miguelrondon/Desktop/CODE/Data Projects/Real-Estate-By-Census/dags/dag.py
[2022-12-30T07:37:20.410-0500] {processor.py:753} INFO - DAG(s) dict_keys(['realtor_census_dashboard_etl']) retrieved from /Users/miguelrondon/Desktop/CODE/Data Projects/Real-Estate-By-Census/dags/dag.py
[2022-12-30T07:37:20.441-0500] {logging_mixin.py:137} INFO - [2022-12-30T07:37:20.440-0500] {dag.py:2676} INFO - Sync 1 DAGs
[2022-12-30T07:37:20.468-0500] {logging_mixin.py:137} INFO - [2022-12-30T07:37:20.468-0500] {dag.py:3427} INFO - Setting next_dagrun for realtor_census_dashboard_etl to 2022-01-01T00:00:00+00:00, run_after=2022-01-02T00:00:00+00:00
[2022-12-30T07:37:20.600-0500] {processor.py:175} INFO - Processing /Users/miguelrondon/Desktop/CODE/Data Projects/Real-Estate-By-Census/dags/dag.py took 0.216 seconds
[2022-12-30T07:55:03.255-0500] {processor.py:153} INFO - Started process (PID=7783) to work on /Users/miguelrondon/Desktop/CODE/Data Projects/Real-Estate-By-Census/dags/dag.py
[2022-12-30T07:55:03.257-0500] {processor.py:743} INFO - Processing file /Users/miguelrondon/Desktop/CODE/Data Projects/Real-Estate-By-Census/dags/dag.py for tasks to queue
[2022-12-30T07:55:03.258-0500] {logging_mixin.py:137} INFO - [2022-12-30T07:55:03.258-0500] {dagbag.py:538} INFO - Filling up the DagBag from /Users/miguelrondon/Desktop/CODE/Data Projects/Real-Estate-By-Census/dags/dag.py
[2022-12-30T07:55:03.334-0500] {processor.py:753} INFO - DAG(s) dict_keys(['realtor_census_dashboard_etl']) retrieved from /Users/miguelrondon/Desktop/CODE/Data Projects/Real-Estate-By-Census/dags/dag.py
[2022-12-30T07:55:03.353-0500] {logging_mixin.py:137} INFO - [2022-12-30T07:55:03.353-0500] {dag.py:2676} INFO - Sync 1 DAGs
[2022-12-30T07:55:03.422-0500] {logging_mixin.py:137} INFO - [2022-12-30T07:55:03.421-0500] {dag.py:3427} INFO - Setting next_dagrun for realtor_census_dashboard_etl to 2022-01-01T00:00:00+00:00, run_after=2022-01-02T00:00:00+00:00
[2022-12-30T07:55:03.433-0500] {processor.py:175} INFO - Processing /Users/miguelrondon/Desktop/CODE/Data Projects/Real-Estate-By-Census/dags/dag.py took 0.182 seconds
[2022-12-30T08:11:29.348-0500] {processor.py:153} INFO - Started process (PID=7796) to work on /Users/miguelrondon/Desktop/CODE/Data Projects/Real-Estate-By-Census/dags/dag.py
[2022-12-30T08:11:29.349-0500] {processor.py:743} INFO - Processing file /Users/miguelrondon/Desktop/CODE/Data Projects/Real-Estate-By-Census/dags/dag.py for tasks to queue
[2022-12-30T08:11:29.350-0500] {logging_mixin.py:137} INFO - [2022-12-30T08:11:29.350-0500] {dagbag.py:538} INFO - Filling up the DagBag from /Users/miguelrondon/Desktop/CODE/Data Projects/Real-Estate-By-Census/dags/dag.py
[2022-12-30T08:11:29.378-0500] {processor.py:753} INFO - DAG(s) dict_keys(['realtor_census_dashboard_etl']) retrieved from /Users/miguelrondon/Desktop/CODE/Data Projects/Real-Estate-By-Census/dags/dag.py
[2022-12-30T08:11:29.404-0500] {logging_mixin.py:137} INFO - [2022-12-30T08:11:29.403-0500] {dag.py:2676} INFO - Sync 1 DAGs
[2022-12-30T08:11:29.536-0500] {logging_mixin.py:137} INFO - [2022-12-30T08:11:29.535-0500] {dag.py:3427} INFO - Setting next_dagrun for realtor_census_dashboard_etl to 2022-01-01T00:00:00+00:00, run_after=2022-01-02T00:00:00+00:00
[2022-12-30T08:11:29.556-0500] {processor.py:175} INFO - Processing /Users/miguelrondon/Desktop/CODE/Data Projects/Real-Estate-By-Census/dags/dag.py took 0.211 seconds
[2022-12-30T08:27:42.379-0500] {processor.py:153} INFO - Started process (PID=7804) to work on /Users/miguelrondon/Desktop/CODE/Data Projects/Real-Estate-By-Census/dags/dag.py
[2022-12-30T08:27:42.380-0500] {processor.py:743} INFO - Processing file /Users/miguelrondon/Desktop/CODE/Data Projects/Real-Estate-By-Census/dags/dag.py for tasks to queue
[2022-12-30T08:27:42.381-0500] {logging_mixin.py:137} INFO - [2022-12-30T08:27:42.381-0500] {dagbag.py:538} INFO - Filling up the DagBag from /Users/miguelrondon/Desktop/CODE/Data Projects/Real-Estate-By-Census/dags/dag.py
[2022-12-30T08:27:42.398-0500] {processor.py:753} INFO - DAG(s) dict_keys(['realtor_census_dashboard_etl']) retrieved from /Users/miguelrondon/Desktop/CODE/Data Projects/Real-Estate-By-Census/dags/dag.py
[2022-12-30T08:27:42.421-0500] {logging_mixin.py:137} INFO - [2022-12-30T08:27:42.420-0500] {dag.py:2676} INFO - Sync 1 DAGs
[2022-12-30T08:27:42.553-0500] {logging_mixin.py:137} INFO - [2022-12-30T08:27:42.553-0500] {dag.py:3427} INFO - Setting next_dagrun for realtor_census_dashboard_etl to 2022-01-01T00:00:00+00:00, run_after=2022-01-02T00:00:00+00:00
[2022-12-30T08:27:42.580-0500] {processor.py:175} INFO - Processing /Users/miguelrondon/Desktop/CODE/Data Projects/Real-Estate-By-Census/dags/dag.py took 0.204 seconds
[2022-12-30T08:43:18.316-0500] {processor.py:153} INFO - Started process (PID=7812) to work on /Users/miguelrondon/Desktop/CODE/Data Projects/Real-Estate-By-Census/dags/dag.py
[2022-12-30T08:43:18.317-0500] {processor.py:743} INFO - Processing file /Users/miguelrondon/Desktop/CODE/Data Projects/Real-Estate-By-Census/dags/dag.py for tasks to queue
[2022-12-30T08:43:18.318-0500] {logging_mixin.py:137} INFO - [2022-12-30T08:43:18.318-0500] {dagbag.py:538} INFO - Filling up the DagBag from /Users/miguelrondon/Desktop/CODE/Data Projects/Real-Estate-By-Census/dags/dag.py
[2022-12-30T08:43:18.336-0500] {processor.py:753} INFO - DAG(s) dict_keys(['realtor_census_dashboard_etl']) retrieved from /Users/miguelrondon/Desktop/CODE/Data Projects/Real-Estate-By-Census/dags/dag.py
[2022-12-30T08:43:18.352-0500] {logging_mixin.py:137} INFO - [2022-12-30T08:43:18.352-0500] {dag.py:2676} INFO - Sync 1 DAGs
[2022-12-30T08:43:18.422-0500] {logging_mixin.py:137} INFO - [2022-12-30T08:43:18.422-0500] {dag.py:3427} INFO - Setting next_dagrun for realtor_census_dashboard_etl to 2022-01-01T00:00:00+00:00, run_after=2022-01-02T00:00:00+00:00
[2022-12-30T08:43:18.433-0500] {processor.py:175} INFO - Processing /Users/miguelrondon/Desktop/CODE/Data Projects/Real-Estate-By-Census/dags/dag.py took 0.120 seconds
[2022-12-30T08:58:58.013-0500] {processor.py:153} INFO - Started process (PID=7826) to work on /Users/miguelrondon/Desktop/CODE/Data Projects/Real-Estate-By-Census/dags/dag.py
[2022-12-30T08:58:58.016-0500] {processor.py:743} INFO - Processing file /Users/miguelrondon/Desktop/CODE/Data Projects/Real-Estate-By-Census/dags/dag.py for tasks to queue
[2022-12-30T08:58:58.017-0500] {logging_mixin.py:137} INFO - [2022-12-30T08:58:58.017-0500] {dagbag.py:538} INFO - Filling up the DagBag from /Users/miguelrondon/Desktop/CODE/Data Projects/Real-Estate-By-Census/dags/dag.py
[2022-12-30T08:58:58.036-0500] {processor.py:753} INFO - DAG(s) dict_keys(['realtor_census_dashboard_etl']) retrieved from /Users/miguelrondon/Desktop/CODE/Data Projects/Real-Estate-By-Census/dags/dag.py
[2022-12-30T08:58:58.064-0500] {logging_mixin.py:137} INFO - [2022-12-30T08:58:58.064-0500] {dag.py:2676} INFO - Sync 1 DAGs
[2022-12-30T08:58:58.227-0500] {logging_mixin.py:137} INFO - [2022-12-30T08:58:58.226-0500] {dag.py:3427} INFO - Setting next_dagrun for realtor_census_dashboard_etl to 2022-01-01T00:00:00+00:00, run_after=2022-01-02T00:00:00+00:00
[2022-12-30T08:58:58.255-0500] {processor.py:175} INFO - Processing /Users/miguelrondon/Desktop/CODE/Data Projects/Real-Estate-By-Census/dags/dag.py took 0.251 seconds
[2022-12-30T08:59:28.400-0500] {processor.py:153} INFO - Started process (PID=7894) to work on /Users/miguelrondon/Desktop/CODE/Data Projects/Real-Estate-By-Census/dags/dag.py
[2022-12-30T08:59:28.401-0500] {processor.py:743} INFO - Processing file /Users/miguelrondon/Desktop/CODE/Data Projects/Real-Estate-By-Census/dags/dag.py for tasks to queue
[2022-12-30T08:59:28.403-0500] {logging_mixin.py:137} INFO - [2022-12-30T08:59:28.403-0500] {dagbag.py:538} INFO - Filling up the DagBag from /Users/miguelrondon/Desktop/CODE/Data Projects/Real-Estate-By-Census/dags/dag.py
[2022-12-30T08:59:28.427-0500] {processor.py:753} INFO - DAG(s) dict_keys(['realtor_census_dashboard_etl']) retrieved from /Users/miguelrondon/Desktop/CODE/Data Projects/Real-Estate-By-Census/dags/dag.py
[2022-12-30T08:59:28.500-0500] {logging_mixin.py:137} INFO - [2022-12-30T08:59:28.500-0500] {dag.py:2676} INFO - Sync 1 DAGs
[2022-12-30T08:59:28.514-0500] {logging_mixin.py:137} INFO - [2022-12-30T08:59:28.514-0500] {dag.py:3427} INFO - Setting next_dagrun for realtor_census_dashboard_etl to 2022-01-01T00:00:00+00:00, run_after=2022-01-02T00:00:00+00:00
[2022-12-30T08:59:28.525-0500] {processor.py:175} INFO - Processing /Users/miguelrondon/Desktop/CODE/Data Projects/Real-Estate-By-Census/dags/dag.py took 0.130 seconds
[2022-12-30T08:59:58.875-0500] {processor.py:153} INFO - Started process (PID=7935) to work on /Users/miguelrondon/Desktop/CODE/Data Projects/Real-Estate-By-Census/dags/dag.py
[2022-12-30T08:59:58.877-0500] {processor.py:743} INFO - Processing file /Users/miguelrondon/Desktop/CODE/Data Projects/Real-Estate-By-Census/dags/dag.py for tasks to queue
[2022-12-30T08:59:58.878-0500] {logging_mixin.py:137} INFO - [2022-12-30T08:59:58.878-0500] {dagbag.py:538} INFO - Filling up the DagBag from /Users/miguelrondon/Desktop/CODE/Data Projects/Real-Estate-By-Census/dags/dag.py
[2022-12-30T08:59:58.899-0500] {processor.py:753} INFO - DAG(s) dict_keys(['realtor_census_dashboard_etl']) retrieved from /Users/miguelrondon/Desktop/CODE/Data Projects/Real-Estate-By-Census/dags/dag.py
[2022-12-30T08:59:58.969-0500] {logging_mixin.py:137} INFO - [2022-12-30T08:59:58.969-0500] {dag.py:2676} INFO - Sync 1 DAGs
[2022-12-30T08:59:58.983-0500] {logging_mixin.py:137} INFO - [2022-12-30T08:59:58.983-0500] {dag.py:3427} INFO - Setting next_dagrun for realtor_census_dashboard_etl to 2022-01-01T00:00:00+00:00, run_after=2022-01-02T00:00:00+00:00
[2022-12-30T08:59:58.994-0500] {processor.py:175} INFO - Processing /Users/miguelrondon/Desktop/CODE/Data Projects/Real-Estate-By-Census/dags/dag.py took 0.123 seconds
[2022-12-30T09:00:29.347-0500] {processor.py:153} INFO - Started process (PID=7950) to work on /Users/miguelrondon/Desktop/CODE/Data Projects/Real-Estate-By-Census/dags/dag.py
[2022-12-30T09:00:29.349-0500] {processor.py:743} INFO - Processing file /Users/miguelrondon/Desktop/CODE/Data Projects/Real-Estate-By-Census/dags/dag.py for tasks to queue
[2022-12-30T09:00:29.351-0500] {logging_mixin.py:137} INFO - [2022-12-30T09:00:29.350-0500] {dagbag.py:538} INFO - Filling up the DagBag from /Users/miguelrondon/Desktop/CODE/Data Projects/Real-Estate-By-Census/dags/dag.py
[2022-12-30T09:00:29.439-0500] {processor.py:753} INFO - DAG(s) dict_keys(['realtor_census_dashboard_etl']) retrieved from /Users/miguelrondon/Desktop/CODE/Data Projects/Real-Estate-By-Census/dags/dag.py
[2022-12-30T09:00:29.450-0500] {logging_mixin.py:137} INFO - [2022-12-30T09:00:29.450-0500] {dag.py:2676} INFO - Sync 1 DAGs
[2022-12-30T09:00:29.464-0500] {logging_mixin.py:137} INFO - [2022-12-30T09:00:29.464-0500] {dag.py:3427} INFO - Setting next_dagrun for realtor_census_dashboard_etl to 2022-01-01T00:00:00+00:00, run_after=2022-01-02T00:00:00+00:00
[2022-12-30T09:00:29.476-0500] {processor.py:175} INFO - Processing /Users/miguelrondon/Desktop/CODE/Data Projects/Real-Estate-By-Census/dags/dag.py took 0.134 seconds
[2022-12-30T09:00:59.790-0500] {processor.py:153} INFO - Started process (PID=7963) to work on /Users/miguelrondon/Desktop/CODE/Data Projects/Real-Estate-By-Census/dags/dag.py
[2022-12-30T09:00:59.791-0500] {processor.py:743} INFO - Processing file /Users/miguelrondon/Desktop/CODE/Data Projects/Real-Estate-By-Census/dags/dag.py for tasks to queue
[2022-12-30T09:00:59.793-0500] {logging_mixin.py:137} INFO - [2022-12-30T09:00:59.792-0500] {dagbag.py:538} INFO - Filling up the DagBag from /Users/miguelrondon/Desktop/CODE/Data Projects/Real-Estate-By-Census/dags/dag.py
[2022-12-30T09:00:59.873-0500] {processor.py:753} INFO - DAG(s) dict_keys(['realtor_census_dashboard_etl']) retrieved from /Users/miguelrondon/Desktop/CODE/Data Projects/Real-Estate-By-Census/dags/dag.py
[2022-12-30T09:00:59.885-0500] {logging_mixin.py:137} INFO - [2022-12-30T09:00:59.884-0500] {dag.py:2676} INFO - Sync 1 DAGs
[2022-12-30T09:00:59.899-0500] {logging_mixin.py:137} INFO - [2022-12-30T09:00:59.898-0500] {dag.py:3427} INFO - Setting next_dagrun for realtor_census_dashboard_etl to 2022-01-01T00:00:00+00:00, run_after=2022-01-02T00:00:00+00:00
[2022-12-30T09:00:59.910-0500] {processor.py:175} INFO - Processing /Users/miguelrondon/Desktop/CODE/Data Projects/Real-Estate-By-Census/dags/dag.py took 0.125 seconds
[2022-12-30T09:01:30.242-0500] {processor.py:153} INFO - Started process (PID=7977) to work on /Users/miguelrondon/Desktop/CODE/Data Projects/Real-Estate-By-Census/dags/dag.py
[2022-12-30T09:01:30.244-0500] {processor.py:743} INFO - Processing file /Users/miguelrondon/Desktop/CODE/Data Projects/Real-Estate-By-Census/dags/dag.py for tasks to queue
[2022-12-30T09:01:30.245-0500] {logging_mixin.py:137} INFO - [2022-12-30T09:01:30.245-0500] {dagbag.py:538} INFO - Filling up the DagBag from /Users/miguelrondon/Desktop/CODE/Data Projects/Real-Estate-By-Census/dags/dag.py
[2022-12-30T09:01:30.268-0500] {processor.py:753} INFO - DAG(s) dict_keys(['realtor_census_dashboard_etl']) retrieved from /Users/miguelrondon/Desktop/CODE/Data Projects/Real-Estate-By-Census/dags/dag.py
[2022-12-30T09:01:30.288-0500] {logging_mixin.py:137} INFO - [2022-12-30T09:01:30.287-0500] {dag.py:2676} INFO - Sync 1 DAGs
[2022-12-30T09:01:30.304-0500] {logging_mixin.py:137} INFO - [2022-12-30T09:01:30.303-0500] {dag.py:3427} INFO - Setting next_dagrun for realtor_census_dashboard_etl to 2022-01-01T00:00:00+00:00, run_after=2022-01-02T00:00:00+00:00
[2022-12-30T09:01:30.316-0500] {processor.py:175} INFO - Processing /Users/miguelrondon/Desktop/CODE/Data Projects/Real-Estate-By-Census/dags/dag.py took 0.078 seconds
[2022-12-30T09:02:00.674-0500] {processor.py:153} INFO - Started process (PID=7990) to work on /Users/miguelrondon/Desktop/CODE/Data Projects/Real-Estate-By-Census/dags/dag.py
[2022-12-30T09:02:00.676-0500] {processor.py:743} INFO - Processing file /Users/miguelrondon/Desktop/CODE/Data Projects/Real-Estate-By-Census/dags/dag.py for tasks to queue
[2022-12-30T09:02:00.677-0500] {logging_mixin.py:137} INFO - [2022-12-30T09:02:00.677-0500] {dagbag.py:538} INFO - Filling up the DagBag from /Users/miguelrondon/Desktop/CODE/Data Projects/Real-Estate-By-Census/dags/dag.py
[2022-12-30T09:02:00.699-0500] {processor.py:753} INFO - DAG(s) dict_keys(['realtor_census_dashboard_etl']) retrieved from /Users/miguelrondon/Desktop/CODE/Data Projects/Real-Estate-By-Census/dags/dag.py
[2022-12-30T09:02:00.718-0500] {logging_mixin.py:137} INFO - [2022-12-30T09:02:00.718-0500] {dag.py:2676} INFO - Sync 1 DAGs
[2022-12-30T09:02:00.734-0500] {logging_mixin.py:137} INFO - [2022-12-30T09:02:00.734-0500] {dag.py:3427} INFO - Setting next_dagrun for realtor_census_dashboard_etl to 2022-01-01T00:00:00+00:00, run_after=2022-01-02T00:00:00+00:00
[2022-12-30T09:02:00.746-0500] {processor.py:175} INFO - Processing /Users/miguelrondon/Desktop/CODE/Data Projects/Real-Estate-By-Census/dags/dag.py took 0.076 seconds
[2022-12-30T09:02:30.922-0500] {processor.py:153} INFO - Started process (PID=8000) to work on /Users/miguelrondon/Desktop/CODE/Data Projects/Real-Estate-By-Census/dags/dag.py
[2022-12-30T09:02:30.924-0500] {processor.py:743} INFO - Processing file /Users/miguelrondon/Desktop/CODE/Data Projects/Real-Estate-By-Census/dags/dag.py for tasks to queue
[2022-12-30T09:02:30.926-0500] {logging_mixin.py:137} INFO - [2022-12-30T09:02:30.925-0500] {dagbag.py:538} INFO - Filling up the DagBag from /Users/miguelrondon/Desktop/CODE/Data Projects/Real-Estate-By-Census/dags/dag.py
[2022-12-30T09:02:30.951-0500] {processor.py:753} INFO - DAG(s) dict_keys(['realtor_census_dashboard_etl']) retrieved from /Users/miguelrondon/Desktop/CODE/Data Projects/Real-Estate-By-Census/dags/dag.py
[2022-12-30T09:02:30.972-0500] {logging_mixin.py:137} INFO - [2022-12-30T09:02:30.972-0500] {dag.py:2676} INFO - Sync 1 DAGs
[2022-12-30T09:02:30.994-0500] {logging_mixin.py:137} INFO - [2022-12-30T09:02:30.994-0500] {dag.py:3427} INFO - Setting next_dagrun for realtor_census_dashboard_etl to 2022-01-01T00:00:00+00:00, run_after=2022-01-02T00:00:00+00:00
[2022-12-30T09:02:31.008-0500] {processor.py:175} INFO - Processing /Users/miguelrondon/Desktop/CODE/Data Projects/Real-Estate-By-Census/dags/dag.py took 0.091 seconds
[2022-12-30T09:03:15.000-0500] {processor.py:153} INFO - Started process (PID=8033) to work on /Users/miguelrondon/Desktop/CODE/Data Projects/Real-Estate-By-Census/dags/dag.py
[2022-12-30T09:03:15.002-0500] {processor.py:743} INFO - Processing file /Users/miguelrondon/Desktop/CODE/Data Projects/Real-Estate-By-Census/dags/dag.py for tasks to queue
[2022-12-30T09:03:15.003-0500] {logging_mixin.py:137} INFO - [2022-12-30T09:03:15.003-0500] {dagbag.py:538} INFO - Filling up the DagBag from /Users/miguelrondon/Desktop/CODE/Data Projects/Real-Estate-By-Census/dags/dag.py
[2022-12-30T09:03:15.023-0500] {processor.py:753} INFO - DAG(s) dict_keys(['realtor_census_dashboard_etl']) retrieved from /Users/miguelrondon/Desktop/CODE/Data Projects/Real-Estate-By-Census/dags/dag.py
[2022-12-30T09:03:15.047-0500] {logging_mixin.py:137} INFO - [2022-12-30T09:03:15.046-0500] {dag.py:2676} INFO - Sync 1 DAGs
[2022-12-30T09:03:15.076-0500] {logging_mixin.py:137} INFO - [2022-12-30T09:03:15.076-0500] {dag.py:3427} INFO - Setting next_dagrun for realtor_census_dashboard_etl to 2022-01-01T00:00:00+00:00, run_after=2022-01-02T00:00:00+00:00
[2022-12-30T09:03:15.092-0500] {processor.py:175} INFO - Processing /Users/miguelrondon/Desktop/CODE/Data Projects/Real-Estate-By-Census/dags/dag.py took 0.095 seconds
[2022-12-30T09:03:45.683-0500] {processor.py:153} INFO - Started process (PID=8086) to work on /Users/miguelrondon/Desktop/CODE/Data Projects/Real-Estate-By-Census/dags/dag.py
[2022-12-30T09:03:45.685-0500] {processor.py:743} INFO - Processing file /Users/miguelrondon/Desktop/CODE/Data Projects/Real-Estate-By-Census/dags/dag.py for tasks to queue
[2022-12-30T09:03:45.686-0500] {logging_mixin.py:137} INFO - [2022-12-30T09:03:45.686-0500] {dagbag.py:538} INFO - Filling up the DagBag from /Users/miguelrondon/Desktop/CODE/Data Projects/Real-Estate-By-Census/dags/dag.py
[2022-12-30T09:03:45.710-0500] {processor.py:753} INFO - DAG(s) dict_keys(['realtor_census_dashboard_etl']) retrieved from /Users/miguelrondon/Desktop/CODE/Data Projects/Real-Estate-By-Census/dags/dag.py
[2022-12-30T09:03:45.732-0500] {logging_mixin.py:137} INFO - [2022-12-30T09:03:45.731-0500] {dag.py:2676} INFO - Sync 1 DAGs
[2022-12-30T09:03:45.747-0500] {logging_mixin.py:137} INFO - [2022-12-30T09:03:45.747-0500] {dag.py:3427} INFO - Setting next_dagrun for realtor_census_dashboard_etl to 2022-01-01T00:00:00+00:00, run_after=2022-01-02T00:00:00+00:00
[2022-12-30T09:03:45.759-0500] {processor.py:175} INFO - Processing /Users/miguelrondon/Desktop/CODE/Data Projects/Real-Estate-By-Census/dags/dag.py took 0.081 seconds
[2022-12-30T09:04:16.260-0500] {processor.py:153} INFO - Started process (PID=8099) to work on /Users/miguelrondon/Desktop/CODE/Data Projects/Real-Estate-By-Census/dags/dag.py
[2022-12-30T09:04:16.262-0500] {processor.py:743} INFO - Processing file /Users/miguelrondon/Desktop/CODE/Data Projects/Real-Estate-By-Census/dags/dag.py for tasks to queue
[2022-12-30T09:04:16.264-0500] {logging_mixin.py:137} INFO - [2022-12-30T09:04:16.264-0500] {dagbag.py:538} INFO - Filling up the DagBag from /Users/miguelrondon/Desktop/CODE/Data Projects/Real-Estate-By-Census/dags/dag.py
[2022-12-30T09:04:16.287-0500] {processor.py:753} INFO - DAG(s) dict_keys(['realtor_census_dashboard_etl']) retrieved from /Users/miguelrondon/Desktop/CODE/Data Projects/Real-Estate-By-Census/dags/dag.py
[2022-12-30T09:04:16.307-0500] {logging_mixin.py:137} INFO - [2022-12-30T09:04:16.306-0500] {dag.py:2676} INFO - Sync 1 DAGs
[2022-12-30T09:04:16.322-0500] {logging_mixin.py:137} INFO - [2022-12-30T09:04:16.322-0500] {dag.py:3427} INFO - Setting next_dagrun for realtor_census_dashboard_etl to 2022-01-01T00:00:00+00:00, run_after=2022-01-02T00:00:00+00:00
[2022-12-30T09:04:16.334-0500] {processor.py:175} INFO - Processing /Users/miguelrondon/Desktop/CODE/Data Projects/Real-Estate-By-Census/dags/dag.py took 0.079 seconds
[2022-12-30T09:04:46.696-0500] {processor.py:153} INFO - Started process (PID=8113) to work on /Users/miguelrondon/Desktop/CODE/Data Projects/Real-Estate-By-Census/dags/dag.py
[2022-12-30T09:04:46.698-0500] {processor.py:743} INFO - Processing file /Users/miguelrondon/Desktop/CODE/Data Projects/Real-Estate-By-Census/dags/dag.py for tasks to queue
[2022-12-30T09:04:46.699-0500] {logging_mixin.py:137} INFO - [2022-12-30T09:04:46.699-0500] {dagbag.py:538} INFO - Filling up the DagBag from /Users/miguelrondon/Desktop/CODE/Data Projects/Real-Estate-By-Census/dags/dag.py
[2022-12-30T09:04:46.723-0500] {processor.py:753} INFO - DAG(s) dict_keys(['realtor_census_dashboard_etl']) retrieved from /Users/miguelrondon/Desktop/CODE/Data Projects/Real-Estate-By-Census/dags/dag.py
[2022-12-30T09:04:46.744-0500] {logging_mixin.py:137} INFO - [2022-12-30T09:04:46.743-0500] {dag.py:2676} INFO - Sync 1 DAGs
[2022-12-30T09:04:46.759-0500] {logging_mixin.py:137} INFO - [2022-12-30T09:04:46.759-0500] {dag.py:3427} INFO - Setting next_dagrun for realtor_census_dashboard_etl to 2022-01-01T00:00:00+00:00, run_after=2022-01-02T00:00:00+00:00
[2022-12-30T09:04:46.772-0500] {processor.py:175} INFO - Processing /Users/miguelrondon/Desktop/CODE/Data Projects/Real-Estate-By-Census/dags/dag.py took 0.081 seconds
[2022-12-30T09:05:16.940-0500] {processor.py:153} INFO - Started process (PID=8125) to work on /Users/miguelrondon/Desktop/CODE/Data Projects/Real-Estate-By-Census/dags/dag.py
[2022-12-30T09:05:16.942-0500] {processor.py:743} INFO - Processing file /Users/miguelrondon/Desktop/CODE/Data Projects/Real-Estate-By-Census/dags/dag.py for tasks to queue
[2022-12-30T09:05:16.944-0500] {logging_mixin.py:137} INFO - [2022-12-30T09:05:16.943-0500] {dagbag.py:538} INFO - Filling up the DagBag from /Users/miguelrondon/Desktop/CODE/Data Projects/Real-Estate-By-Census/dags/dag.py
[2022-12-30T09:05:16.968-0500] {processor.py:753} INFO - DAG(s) dict_keys(['realtor_census_dashboard_etl']) retrieved from /Users/miguelrondon/Desktop/CODE/Data Projects/Real-Estate-By-Census/dags/dag.py
[2022-12-30T09:05:16.988-0500] {logging_mixin.py:137} INFO - [2022-12-30T09:05:16.988-0500] {dag.py:2676} INFO - Sync 1 DAGs
[2022-12-30T09:05:17.005-0500] {logging_mixin.py:137} INFO - [2022-12-30T09:05:17.004-0500] {dag.py:3427} INFO - Setting next_dagrun for realtor_census_dashboard_etl to 2022-01-01T00:00:00+00:00, run_after=2022-01-02T00:00:00+00:00
[2022-12-30T09:05:17.017-0500] {processor.py:175} INFO - Processing /Users/miguelrondon/Desktop/CODE/Data Projects/Real-Estate-By-Census/dags/dag.py took 0.081 seconds
[2022-12-30T09:05:47.169-0500] {processor.py:153} INFO - Started process (PID=8140) to work on /Users/miguelrondon/Desktop/CODE/Data Projects/Real-Estate-By-Census/dags/dag.py
[2022-12-30T09:05:47.170-0500] {processor.py:743} INFO - Processing file /Users/miguelrondon/Desktop/CODE/Data Projects/Real-Estate-By-Census/dags/dag.py for tasks to queue
[2022-12-30T09:05:47.172-0500] {logging_mixin.py:137} INFO - [2022-12-30T09:05:47.172-0500] {dagbag.py:538} INFO - Filling up the DagBag from /Users/miguelrondon/Desktop/CODE/Data Projects/Real-Estate-By-Census/dags/dag.py
[2022-12-30T09:05:47.196-0500] {processor.py:753} INFO - DAG(s) dict_keys(['realtor_census_dashboard_etl']) retrieved from /Users/miguelrondon/Desktop/CODE/Data Projects/Real-Estate-By-Census/dags/dag.py
[2022-12-30T09:05:47.216-0500] {logging_mixin.py:137} INFO - [2022-12-30T09:05:47.216-0500] {dag.py:2676} INFO - Sync 1 DAGs
[2022-12-30T09:05:47.232-0500] {logging_mixin.py:137} INFO - [2022-12-30T09:05:47.232-0500] {dag.py:3427} INFO - Setting next_dagrun for realtor_census_dashboard_etl to 2022-01-01T00:00:00+00:00, run_after=2022-01-02T00:00:00+00:00
[2022-12-30T09:05:47.244-0500] {processor.py:175} INFO - Processing /Users/miguelrondon/Desktop/CODE/Data Projects/Real-Estate-By-Census/dags/dag.py took 0.080 seconds
[2022-12-30T09:06:17.370-0500] {processor.py:153} INFO - Started process (PID=8157) to work on /Users/miguelrondon/Desktop/CODE/Data Projects/Real-Estate-By-Census/dags/dag.py
[2022-12-30T09:06:17.373-0500] {processor.py:743} INFO - Processing file /Users/miguelrondon/Desktop/CODE/Data Projects/Real-Estate-By-Census/dags/dag.py for tasks to queue
[2022-12-30T09:06:17.375-0500] {logging_mixin.py:137} INFO - [2022-12-30T09:06:17.374-0500] {dagbag.py:538} INFO - Filling up the DagBag from /Users/miguelrondon/Desktop/CODE/Data Projects/Real-Estate-By-Census/dags/dag.py
[2022-12-30T09:06:17.412-0500] {processor.py:753} INFO - DAG(s) dict_keys(['realtor_census_dashboard_etl']) retrieved from /Users/miguelrondon/Desktop/CODE/Data Projects/Real-Estate-By-Census/dags/dag.py
[2022-12-30T09:06:17.442-0500] {logging_mixin.py:137} INFO - [2022-12-30T09:06:17.440-0500] {dag.py:2676} INFO - Sync 1 DAGs
[2022-12-30T09:06:17.460-0500] {logging_mixin.py:137} INFO - [2022-12-30T09:06:17.460-0500] {dag.py:3427} INFO - Setting next_dagrun for realtor_census_dashboard_etl to 2022-01-01T00:00:00+00:00, run_after=2022-01-02T00:00:00+00:00
[2022-12-30T09:06:17.472-0500] {processor.py:175} INFO - Processing /Users/miguelrondon/Desktop/CODE/Data Projects/Real-Estate-By-Census/dags/dag.py took 0.107 seconds
[2022-12-30T09:06:47.601-0500] {processor.py:153} INFO - Started process (PID=8171) to work on /Users/miguelrondon/Desktop/CODE/Data Projects/Real-Estate-By-Census/dags/dag.py
[2022-12-30T09:06:47.603-0500] {processor.py:743} INFO - Processing file /Users/miguelrondon/Desktop/CODE/Data Projects/Real-Estate-By-Census/dags/dag.py for tasks to queue
[2022-12-30T09:06:47.604-0500] {logging_mixin.py:137} INFO - [2022-12-30T09:06:47.604-0500] {dagbag.py:538} INFO - Filling up the DagBag from /Users/miguelrondon/Desktop/CODE/Data Projects/Real-Estate-By-Census/dags/dag.py
[2022-12-30T09:06:47.630-0500] {processor.py:753} INFO - DAG(s) dict_keys(['realtor_census_dashboard_etl']) retrieved from /Users/miguelrondon/Desktop/CODE/Data Projects/Real-Estate-By-Census/dags/dag.py
[2022-12-30T09:06:47.649-0500] {logging_mixin.py:137} INFO - [2022-12-30T09:06:47.649-0500] {dag.py:2676} INFO - Sync 1 DAGs
[2022-12-30T09:06:47.665-0500] {logging_mixin.py:137} INFO - [2022-12-30T09:06:47.665-0500] {dag.py:3427} INFO - Setting next_dagrun for realtor_census_dashboard_etl to 2022-01-01T00:00:00+00:00, run_after=2022-01-02T00:00:00+00:00
[2022-12-30T09:06:47.677-0500] {processor.py:175} INFO - Processing /Users/miguelrondon/Desktop/CODE/Data Projects/Real-Estate-By-Census/dags/dag.py took 0.080 seconds
[2022-12-30T09:07:17.817-0500] {processor.py:153} INFO - Started process (PID=8184) to work on /Users/miguelrondon/Desktop/CODE/Data Projects/Real-Estate-By-Census/dags/dag.py
[2022-12-30T09:07:17.819-0500] {processor.py:743} INFO - Processing file /Users/miguelrondon/Desktop/CODE/Data Projects/Real-Estate-By-Census/dags/dag.py for tasks to queue
[2022-12-30T09:07:17.820-0500] {logging_mixin.py:137} INFO - [2022-12-30T09:07:17.820-0500] {dagbag.py:538} INFO - Filling up the DagBag from /Users/miguelrondon/Desktop/CODE/Data Projects/Real-Estate-By-Census/dags/dag.py
[2022-12-30T09:07:17.845-0500] {processor.py:753} INFO - DAG(s) dict_keys(['realtor_census_dashboard_etl']) retrieved from /Users/miguelrondon/Desktop/CODE/Data Projects/Real-Estate-By-Census/dags/dag.py
[2022-12-30T09:07:17.867-0500] {logging_mixin.py:137} INFO - [2022-12-30T09:07:17.867-0500] {dag.py:2676} INFO - Sync 1 DAGs
[2022-12-30T09:07:17.883-0500] {logging_mixin.py:137} INFO - [2022-12-30T09:07:17.883-0500] {dag.py:3427} INFO - Setting next_dagrun for realtor_census_dashboard_etl to 2022-01-01T00:00:00+00:00, run_after=2022-01-02T00:00:00+00:00
[2022-12-30T09:07:17.895-0500] {processor.py:175} INFO - Processing /Users/miguelrondon/Desktop/CODE/Data Projects/Real-Estate-By-Census/dags/dag.py took 0.082 seconds
[2022-12-30T09:07:48.060-0500] {processor.py:153} INFO - Started process (PID=8197) to work on /Users/miguelrondon/Desktop/CODE/Data Projects/Real-Estate-By-Census/dags/dag.py
[2022-12-30T09:07:48.062-0500] {processor.py:743} INFO - Processing file /Users/miguelrondon/Desktop/CODE/Data Projects/Real-Estate-By-Census/dags/dag.py for tasks to queue
[2022-12-30T09:07:48.063-0500] {logging_mixin.py:137} INFO - [2022-12-30T09:07:48.063-0500] {dagbag.py:538} INFO - Filling up the DagBag from /Users/miguelrondon/Desktop/CODE/Data Projects/Real-Estate-By-Census/dags/dag.py
[2022-12-30T09:07:48.088-0500] {processor.py:753} INFO - DAG(s) dict_keys(['realtor_census_dashboard_etl']) retrieved from /Users/miguelrondon/Desktop/CODE/Data Projects/Real-Estate-By-Census/dags/dag.py
[2022-12-30T09:07:48.109-0500] {logging_mixin.py:137} INFO - [2022-12-30T09:07:48.108-0500] {dag.py:2676} INFO - Sync 1 DAGs
[2022-12-30T09:07:48.125-0500] {logging_mixin.py:137} INFO - [2022-12-30T09:07:48.124-0500] {dag.py:3427} INFO - Setting next_dagrun for realtor_census_dashboard_etl to 2022-01-01T00:00:00+00:00, run_after=2022-01-02T00:00:00+00:00
[2022-12-30T09:07:48.137-0500] {processor.py:175} INFO - Processing /Users/miguelrondon/Desktop/CODE/Data Projects/Real-Estate-By-Census/dags/dag.py took 0.082 seconds
[2022-12-30T09:08:18.293-0500] {processor.py:153} INFO - Started process (PID=8210) to work on /Users/miguelrondon/Desktop/CODE/Data Projects/Real-Estate-By-Census/dags/dag.py
[2022-12-30T09:08:18.295-0500] {processor.py:743} INFO - Processing file /Users/miguelrondon/Desktop/CODE/Data Projects/Real-Estate-By-Census/dags/dag.py for tasks to queue
[2022-12-30T09:08:18.296-0500] {logging_mixin.py:137} INFO - [2022-12-30T09:08:18.296-0500] {dagbag.py:538} INFO - Filling up the DagBag from /Users/miguelrondon/Desktop/CODE/Data Projects/Real-Estate-By-Census/dags/dag.py
[2022-12-30T09:08:18.320-0500] {processor.py:753} INFO - DAG(s) dict_keys(['realtor_census_dashboard_etl']) retrieved from /Users/miguelrondon/Desktop/CODE/Data Projects/Real-Estate-By-Census/dags/dag.py
[2022-12-30T09:08:18.341-0500] {logging_mixin.py:137} INFO - [2022-12-30T09:08:18.341-0500] {dag.py:2676} INFO - Sync 1 DAGs
[2022-12-30T09:08:18.356-0500] {logging_mixin.py:137} INFO - [2022-12-30T09:08:18.356-0500] {dag.py:3427} INFO - Setting next_dagrun for realtor_census_dashboard_etl to 2022-01-01T00:00:00+00:00, run_after=2022-01-02T00:00:00+00:00
[2022-12-30T09:08:18.368-0500] {processor.py:175} INFO - Processing /Users/miguelrondon/Desktop/CODE/Data Projects/Real-Estate-By-Census/dags/dag.py took 0.081 seconds
[2022-12-30T09:08:48.532-0500] {processor.py:153} INFO - Started process (PID=8224) to work on /Users/miguelrondon/Desktop/CODE/Data Projects/Real-Estate-By-Census/dags/dag.py
[2022-12-30T09:08:48.534-0500] {processor.py:743} INFO - Processing file /Users/miguelrondon/Desktop/CODE/Data Projects/Real-Estate-By-Census/dags/dag.py for tasks to queue
[2022-12-30T09:08:48.535-0500] {logging_mixin.py:137} INFO - [2022-12-30T09:08:48.535-0500] {dagbag.py:538} INFO - Filling up the DagBag from /Users/miguelrondon/Desktop/CODE/Data Projects/Real-Estate-By-Census/dags/dag.py
[2022-12-30T09:08:48.559-0500] {processor.py:753} INFO - DAG(s) dict_keys(['realtor_census_dashboard_etl']) retrieved from /Users/miguelrondon/Desktop/CODE/Data Projects/Real-Estate-By-Census/dags/dag.py
[2022-12-30T09:08:48.580-0500] {logging_mixin.py:137} INFO - [2022-12-30T09:08:48.579-0500] {dag.py:2676} INFO - Sync 1 DAGs
[2022-12-30T09:08:48.595-0500] {logging_mixin.py:137} INFO - [2022-12-30T09:08:48.595-0500] {dag.py:3427} INFO - Setting next_dagrun for realtor_census_dashboard_etl to 2022-01-01T00:00:00+00:00, run_after=2022-01-02T00:00:00+00:00
[2022-12-30T09:08:48.608-0500] {processor.py:175} INFO - Processing /Users/miguelrondon/Desktop/CODE/Data Projects/Real-Estate-By-Census/dags/dag.py took 0.081 seconds
[2022-12-30T09:09:19.185-0500] {processor.py:153} INFO - Started process (PID=8297) to work on /Users/miguelrondon/Desktop/CODE/Data Projects/Real-Estate-By-Census/dags/dag.py
[2022-12-30T09:09:19.187-0500] {processor.py:743} INFO - Processing file /Users/miguelrondon/Desktop/CODE/Data Projects/Real-Estate-By-Census/dags/dag.py for tasks to queue
[2022-12-30T09:09:19.188-0500] {logging_mixin.py:137} INFO - [2022-12-30T09:09:19.188-0500] {dagbag.py:538} INFO - Filling up the DagBag from /Users/miguelrondon/Desktop/CODE/Data Projects/Real-Estate-By-Census/dags/dag.py
[2022-12-30T09:09:19.215-0500] {processor.py:753} INFO - DAG(s) dict_keys(['realtor_census_dashboard_etl']) retrieved from /Users/miguelrondon/Desktop/CODE/Data Projects/Real-Estate-By-Census/dags/dag.py
[2022-12-30T09:09:19.236-0500] {logging_mixin.py:137} INFO - [2022-12-30T09:09:19.236-0500] {dag.py:2676} INFO - Sync 1 DAGs
[2022-12-30T09:09:19.252-0500] {logging_mixin.py:137} INFO - [2022-12-30T09:09:19.251-0500] {dag.py:3427} INFO - Setting next_dagrun for realtor_census_dashboard_etl to 2022-01-01T00:00:00+00:00, run_after=2022-01-02T00:00:00+00:00
[2022-12-30T09:09:19.264-0500] {processor.py:175} INFO - Processing /Users/miguelrondon/Desktop/CODE/Data Projects/Real-Estate-By-Census/dags/dag.py took 0.083 seconds
[2022-12-30T09:09:49.683-0500] {processor.py:153} INFO - Started process (PID=8309) to work on /Users/miguelrondon/Desktop/CODE/Data Projects/Real-Estate-By-Census/dags/dag.py
[2022-12-30T09:09:49.685-0500] {processor.py:743} INFO - Processing file /Users/miguelrondon/Desktop/CODE/Data Projects/Real-Estate-By-Census/dags/dag.py for tasks to queue
[2022-12-30T09:09:49.686-0500] {logging_mixin.py:137} INFO - [2022-12-30T09:09:49.686-0500] {dagbag.py:538} INFO - Filling up the DagBag from /Users/miguelrondon/Desktop/CODE/Data Projects/Real-Estate-By-Census/dags/dag.py
[2022-12-30T09:09:49.710-0500] {processor.py:753} INFO - DAG(s) dict_keys(['realtor_census_dashboard_etl']) retrieved from /Users/miguelrondon/Desktop/CODE/Data Projects/Real-Estate-By-Census/dags/dag.py
[2022-12-30T09:09:49.731-0500] {logging_mixin.py:137} INFO - [2022-12-30T09:09:49.730-0500] {dag.py:2676} INFO - Sync 1 DAGs
[2022-12-30T09:09:49.747-0500] {logging_mixin.py:137} INFO - [2022-12-30T09:09:49.746-0500] {dag.py:3427} INFO - Setting next_dagrun for realtor_census_dashboard_etl to 2022-01-01T00:00:00+00:00, run_after=2022-01-02T00:00:00+00:00
[2022-12-30T09:09:49.758-0500] {processor.py:175} INFO - Processing /Users/miguelrondon/Desktop/CODE/Data Projects/Real-Estate-By-Census/dags/dag.py took 0.079 seconds
[2022-12-30T09:10:20.186-0500] {processor.py:153} INFO - Started process (PID=8324) to work on /Users/miguelrondon/Desktop/CODE/Data Projects/Real-Estate-By-Census/dags/dag.py
[2022-12-30T09:10:20.188-0500] {processor.py:743} INFO - Processing file /Users/miguelrondon/Desktop/CODE/Data Projects/Real-Estate-By-Census/dags/dag.py for tasks to queue
[2022-12-30T09:10:20.190-0500] {logging_mixin.py:137} INFO - [2022-12-30T09:10:20.189-0500] {dagbag.py:538} INFO - Filling up the DagBag from /Users/miguelrondon/Desktop/CODE/Data Projects/Real-Estate-By-Census/dags/dag.py
[2022-12-30T09:10:20.217-0500] {processor.py:753} INFO - DAG(s) dict_keys(['realtor_census_dashboard_etl']) retrieved from /Users/miguelrondon/Desktop/CODE/Data Projects/Real-Estate-By-Census/dags/dag.py
[2022-12-30T09:10:20.240-0500] {logging_mixin.py:137} INFO - [2022-12-30T09:10:20.239-0500] {dag.py:2676} INFO - Sync 1 DAGs
[2022-12-30T09:10:20.256-0500] {logging_mixin.py:137} INFO - [2022-12-30T09:10:20.256-0500] {dag.py:3427} INFO - Setting next_dagrun for realtor_census_dashboard_etl to 2022-01-01T00:00:00+00:00, run_after=2022-01-02T00:00:00+00:00
[2022-12-30T09:10:20.268-0500] {processor.py:175} INFO - Processing /Users/miguelrondon/Desktop/CODE/Data Projects/Real-Estate-By-Census/dags/dag.py took 0.087 seconds
