[2022-12-30T20:52:12.473-0500] {taskinstance.py:1087} INFO - Dependencies all met for <TaskInstance: realtor_census_dashboard_etl.Extract_n_Transform_Data scheduled__2022-03-13T00:00:00+00:00 [queued]>
[2022-12-30T20:52:12.481-0500] {taskinstance.py:1087} INFO - Dependencies all met for <TaskInstance: realtor_census_dashboard_etl.Extract_n_Transform_Data scheduled__2022-03-13T00:00:00+00:00 [queued]>
[2022-12-30T20:52:12.481-0500] {taskinstance.py:1283} INFO - 
--------------------------------------------------------------------------------
[2022-12-30T20:52:12.481-0500] {taskinstance.py:1284} INFO - Starting attempt 1 of 1
[2022-12-30T20:52:12.481-0500] {taskinstance.py:1285} INFO - 
--------------------------------------------------------------------------------
[2022-12-30T20:52:12.489-0500] {taskinstance.py:1304} INFO - Executing <Task(BashOperator): Extract_n_Transform_Data> on 2022-03-13 00:00:00+00:00
[2022-12-30T20:52:12.494-0500] {standard_task_runner.py:55} INFO - Started process 24310 to run task
[2022-12-30T20:52:12.497-0500] {standard_task_runner.py:82} INFO - Running: ['airflow', 'tasks', 'run', 'realtor_census_dashboard_etl', 'Extract_n_Transform_Data', 'scheduled__2022-03-13T00:00:00+00:00', '--job-id', '101', '--raw', '--subdir', '/Users/miguelrondon/Desktop/CODE/Data Projects/Real-Estate-By-Census/dags/dag.py', '--cfg-path', '/var/folders/c5/lp6ccbfx3tq6qm5zscs07w980000gn/T/tmpnwa5vfo_']
[2022-12-30T20:52:12.499-0500] {standard_task_runner.py:83} INFO - Job 101: Subtask Extract_n_Transform_Data
[2022-12-30T20:52:12.530-0500] {task_command.py:389} INFO - Running <TaskInstance: realtor_census_dashboard_etl.Extract_n_Transform_Data scheduled__2022-03-13T00:00:00+00:00 [running]> on host miguels-macbook-pro-2.local
[2022-12-30T20:52:12.569-0500] {taskinstance.py:1513} INFO - Exporting the following env vars:
AIRFLOW_CTX_DAG_OWNER=airflow
AIRFLOW_CTX_DAG_ID=realtor_census_dashboard_etl
AIRFLOW_CTX_TASK_ID=Extract_n_Transform_Data
AIRFLOW_CTX_EXECUTION_DATE=2022-03-13T00:00:00+00:00
AIRFLOW_CTX_TRY_NUMBER=1
AIRFLOW_CTX_DAG_RUN_ID=scheduled__2022-03-13T00:00:00+00:00
[2022-12-30T20:52:12.570-0500] {subprocess.py:63} INFO - Tmp dir root location: 
 /var/folders/c5/lp6ccbfx3tq6qm5zscs07w980000gn/T
[2022-12-30T20:52:12.570-0500] {subprocess.py:75} INFO - Running command: ['/bin/bash', '-c', 'jupyter nbconvert --execute tranform_dfs.ipynb']
[2022-12-30T20:52:12.579-0500] {subprocess.py:86} INFO - Output:
[2022-12-30T20:52:13.175-0500] {subprocess.py:93} INFO - [NbConvertApp] WARNING | pattern 'tranform_dfs.ipynb' matched no files
[2022-12-30T20:52:13.178-0500] {subprocess.py:93} INFO - This application is used to convert notebook files (*.ipynb)
[2022-12-30T20:52:13.178-0500] {subprocess.py:93} INFO -         to various other formats.
[2022-12-30T20:52:13.178-0500] {subprocess.py:93} INFO - 
[2022-12-30T20:52:13.178-0500] {subprocess.py:93} INFO -         WARNING: THE COMMANDLINE INTERFACE MAY CHANGE IN FUTURE RELEASES.
[2022-12-30T20:52:13.178-0500] {subprocess.py:93} INFO - 
[2022-12-30T20:52:13.179-0500] {subprocess.py:93} INFO - Options
[2022-12-30T20:52:13.179-0500] {subprocess.py:93} INFO - =======
[2022-12-30T20:52:13.179-0500] {subprocess.py:93} INFO - The options below are convenience aliases to configurable class-options,
[2022-12-30T20:52:13.179-0500] {subprocess.py:93} INFO - as listed in the "Equivalent to" description-line of the aliases.
[2022-12-30T20:52:13.179-0500] {subprocess.py:93} INFO - To see all configurable class-options for some <cmd>, use:
[2022-12-30T20:52:13.179-0500] {subprocess.py:93} INFO -     <cmd> --help-all
[2022-12-30T20:52:13.180-0500] {subprocess.py:93} INFO - 
[2022-12-30T20:52:13.180-0500] {subprocess.py:93} INFO - --debug
[2022-12-30T20:52:13.180-0500] {subprocess.py:93} INFO -     set log level to logging.DEBUG (maximize logging output)
[2022-12-30T20:52:13.180-0500] {subprocess.py:93} INFO -     Equivalent to: [--Application.log_level=10]
[2022-12-30T20:52:13.180-0500] {subprocess.py:93} INFO - --show-config
[2022-12-30T20:52:13.180-0500] {subprocess.py:93} INFO -     Show the application's configuration (human-readable format)
[2022-12-30T20:52:13.181-0500] {subprocess.py:93} INFO -     Equivalent to: [--Application.show_config=True]
[2022-12-30T20:52:13.181-0500] {subprocess.py:93} INFO - --show-config-json
[2022-12-30T20:52:13.181-0500] {subprocess.py:93} INFO -     Show the application's configuration (json format)
[2022-12-30T20:52:13.181-0500] {subprocess.py:93} INFO -     Equivalent to: [--Application.show_config_json=True]
[2022-12-30T20:52:13.181-0500] {subprocess.py:93} INFO - --generate-config
[2022-12-30T20:52:13.181-0500] {subprocess.py:93} INFO -     generate default config file
[2022-12-30T20:52:13.182-0500] {subprocess.py:93} INFO -     Equivalent to: [--JupyterApp.generate_config=True]
[2022-12-30T20:52:13.182-0500] {subprocess.py:93} INFO - -y
[2022-12-30T20:52:13.182-0500] {subprocess.py:93} INFO -     Answer yes to any questions instead of prompting.
[2022-12-30T20:52:13.182-0500] {subprocess.py:93} INFO -     Equivalent to: [--JupyterApp.answer_yes=True]
[2022-12-30T20:52:13.182-0500] {subprocess.py:93} INFO - --execute
[2022-12-30T20:52:13.183-0500] {subprocess.py:93} INFO -     Execute the notebook prior to export.
[2022-12-30T20:52:13.183-0500] {subprocess.py:93} INFO -     Equivalent to: [--ExecutePreprocessor.enabled=True]
[2022-12-30T20:52:13.183-0500] {subprocess.py:93} INFO - --allow-errors
[2022-12-30T20:52:13.183-0500] {subprocess.py:93} INFO -     Continue notebook execution even if one of the cells throws an error and include the error message in the cell output (the default behaviour is to abort conversion). This flag is only relevant if '--execute' was specified, too.
[2022-12-30T20:52:13.183-0500] {subprocess.py:93} INFO -     Equivalent to: [--ExecutePreprocessor.allow_errors=True]
[2022-12-30T20:52:13.183-0500] {subprocess.py:93} INFO - --stdin
[2022-12-30T20:52:13.184-0500] {subprocess.py:93} INFO -     read a single notebook file from stdin. Write the resulting notebook with default basename 'notebook.*'
[2022-12-30T20:52:13.184-0500] {subprocess.py:93} INFO -     Equivalent to: [--NbConvertApp.from_stdin=True]
[2022-12-30T20:52:13.184-0500] {subprocess.py:93} INFO - --stdout
[2022-12-30T20:52:13.184-0500] {subprocess.py:93} INFO -     Write notebook output to stdout instead of files.
[2022-12-30T20:52:13.184-0500] {subprocess.py:93} INFO -     Equivalent to: [--NbConvertApp.writer_class=StdoutWriter]
[2022-12-30T20:52:13.184-0500] {subprocess.py:93} INFO - --inplace
[2022-12-30T20:52:13.185-0500] {subprocess.py:93} INFO -     Run nbconvert in place, overwriting the existing notebook (only
[2022-12-30T20:52:13.185-0500] {subprocess.py:93} INFO -             relevant when converting to notebook format)
[2022-12-30T20:52:13.185-0500] {subprocess.py:93} INFO -     Equivalent to: [--NbConvertApp.use_output_suffix=False --NbConvertApp.export_format=notebook --FilesWriter.build_directory=]
[2022-12-30T20:52:13.185-0500] {subprocess.py:93} INFO - --clear-output
[2022-12-30T20:52:13.185-0500] {subprocess.py:93} INFO -     Clear output of current file and save in place,
[2022-12-30T20:52:13.185-0500] {subprocess.py:93} INFO -             overwriting the existing notebook.
[2022-12-30T20:52:13.186-0500] {subprocess.py:93} INFO -     Equivalent to: [--NbConvertApp.use_output_suffix=False --NbConvertApp.export_format=notebook --FilesWriter.build_directory= --ClearOutputPreprocessor.enabled=True]
[2022-12-30T20:52:13.186-0500] {subprocess.py:93} INFO - --no-prompt
[2022-12-30T20:52:13.186-0500] {subprocess.py:93} INFO -     Exclude input and output prompts from converted document.
[2022-12-30T20:52:13.186-0500] {subprocess.py:93} INFO -     Equivalent to: [--TemplateExporter.exclude_input_prompt=True --TemplateExporter.exclude_output_prompt=True]
[2022-12-30T20:52:13.186-0500] {subprocess.py:93} INFO - --no-input
[2022-12-30T20:52:13.186-0500] {subprocess.py:93} INFO -     Exclude input cells and output prompts from converted document.
[2022-12-30T20:52:13.187-0500] {subprocess.py:93} INFO -             This mode is ideal for generating code-free reports.
[2022-12-30T20:52:13.187-0500] {subprocess.py:93} INFO -     Equivalent to: [--TemplateExporter.exclude_output_prompt=True --TemplateExporter.exclude_input=True --TemplateExporter.exclude_input_prompt=True]
[2022-12-30T20:52:13.187-0500] {subprocess.py:93} INFO - --allow-chromium-download
[2022-12-30T20:52:13.187-0500] {subprocess.py:93} INFO -     Whether to allow downloading chromium if no suitable version is found on the system.
[2022-12-30T20:52:13.187-0500] {subprocess.py:93} INFO -     Equivalent to: [--WebPDFExporter.allow_chromium_download=True]
[2022-12-30T20:52:13.187-0500] {subprocess.py:93} INFO - --disable-chromium-sandbox
[2022-12-30T20:52:13.188-0500] {subprocess.py:93} INFO -     Disable chromium security sandbox when converting to PDF..
[2022-12-30T20:52:13.188-0500] {subprocess.py:93} INFO -     Equivalent to: [--WebPDFExporter.disable_sandbox=True]
[2022-12-30T20:52:13.188-0500] {subprocess.py:93} INFO - --show-input
[2022-12-30T20:52:13.188-0500] {subprocess.py:93} INFO -     Shows code input. This flag is only useful for dejavu users.
[2022-12-30T20:52:13.188-0500] {subprocess.py:93} INFO -     Equivalent to: [--TemplateExporter.exclude_input=False]
[2022-12-30T20:52:13.188-0500] {subprocess.py:93} INFO - --embed-images
[2022-12-30T20:52:13.189-0500] {subprocess.py:93} INFO -     Embed the images as base64 dataurls in the output. This flag is only useful for the HTML/WebPDF/Slides exports.
[2022-12-30T20:52:13.189-0500] {subprocess.py:93} INFO -     Equivalent to: [--HTMLExporter.embed_images=True]
[2022-12-30T20:52:13.189-0500] {subprocess.py:93} INFO - --sanitize-html
[2022-12-30T20:52:13.189-0500] {subprocess.py:93} INFO -     Whether the HTML in Markdown cells and cell outputs should be sanitized..
[2022-12-30T20:52:13.190-0500] {subprocess.py:93} INFO -     Equivalent to: [--HTMLExporter.sanitize_html=True]
[2022-12-30T20:52:13.190-0500] {subprocess.py:93} INFO - --log-level=<Enum>
[2022-12-30T20:52:13.190-0500] {subprocess.py:93} INFO -     Set the log level by value or name.
[2022-12-30T20:52:13.190-0500] {subprocess.py:93} INFO -     Choices: any of [0, 10, 20, 30, 40, 50, 'DEBUG', 'INFO', 'WARN', 'ERROR', 'CRITICAL']
[2022-12-30T20:52:13.190-0500] {subprocess.py:93} INFO -     Default: 30
[2022-12-30T20:52:13.191-0500] {subprocess.py:93} INFO -     Equivalent to: [--Application.log_level]
[2022-12-30T20:52:13.191-0500] {subprocess.py:93} INFO - --config=<Unicode>
[2022-12-30T20:52:13.191-0500] {subprocess.py:93} INFO -     Full path of a config file.
[2022-12-30T20:52:13.191-0500] {subprocess.py:93} INFO -     Default: ''
[2022-12-30T20:52:13.191-0500] {subprocess.py:93} INFO -     Equivalent to: [--JupyterApp.config_file]
[2022-12-30T20:52:13.191-0500] {subprocess.py:93} INFO - --to=<Unicode>
[2022-12-30T20:52:13.192-0500] {subprocess.py:93} INFO -     The export format to be used, either one of the built-in formats
[2022-12-30T20:52:13.192-0500] {subprocess.py:93} INFO -             ['asciidoc', 'custom', 'html', 'latex', 'markdown', 'notebook', 'pdf', 'python', 'qtpdf', 'qtpng', 'rst', 'script', 'slides', 'webpdf']
[2022-12-30T20:52:13.192-0500] {subprocess.py:93} INFO -             or a dotted object name that represents the import path for an
[2022-12-30T20:52:13.192-0500] {subprocess.py:93} INFO -             ``Exporter`` class
[2022-12-30T20:52:13.192-0500] {subprocess.py:93} INFO -     Default: ''
[2022-12-30T20:52:13.192-0500] {subprocess.py:93} INFO -     Equivalent to: [--NbConvertApp.export_format]
[2022-12-30T20:52:13.193-0500] {subprocess.py:93} INFO - --template=<Unicode>
[2022-12-30T20:52:13.193-0500] {subprocess.py:93} INFO -     Name of the template to use
[2022-12-30T20:52:13.193-0500] {subprocess.py:93} INFO -     Default: ''
[2022-12-30T20:52:13.193-0500] {subprocess.py:93} INFO -     Equivalent to: [--TemplateExporter.template_name]
[2022-12-30T20:52:13.193-0500] {subprocess.py:93} INFO - --template-file=<Unicode>
[2022-12-30T20:52:13.193-0500] {subprocess.py:93} INFO -     Name of the template file to use
[2022-12-30T20:52:13.194-0500] {subprocess.py:93} INFO -     Default: None
[2022-12-30T20:52:13.194-0500] {subprocess.py:93} INFO -     Equivalent to: [--TemplateExporter.template_file]
[2022-12-30T20:52:13.194-0500] {subprocess.py:93} INFO - --theme=<Unicode>
[2022-12-30T20:52:13.194-0500] {subprocess.py:93} INFO -     Template specific theme(e.g. the name of a JupyterLab CSS theme distributed
[2022-12-30T20:52:13.194-0500] {subprocess.py:93} INFO -     as prebuilt extension for the lab template)
[2022-12-30T20:52:13.194-0500] {subprocess.py:93} INFO -     Default: 'light'
[2022-12-30T20:52:13.195-0500] {subprocess.py:93} INFO -     Equivalent to: [--HTMLExporter.theme]
[2022-12-30T20:52:13.195-0500] {subprocess.py:93} INFO - --sanitize_html=<Bool>
[2022-12-30T20:52:13.195-0500] {subprocess.py:93} INFO -     Whether the HTML in Markdown cells and cell outputs should be sanitized.This
[2022-12-30T20:52:13.195-0500] {subprocess.py:93} INFO -     should be set to True by nbviewer or similar tools.
[2022-12-30T20:52:13.195-0500] {subprocess.py:93} INFO -     Default: False
[2022-12-30T20:52:13.195-0500] {subprocess.py:93} INFO -     Equivalent to: [--HTMLExporter.sanitize_html]
[2022-12-30T20:52:13.196-0500] {subprocess.py:93} INFO - --writer=<DottedObjectName>
[2022-12-30T20:52:13.196-0500] {subprocess.py:93} INFO -     Writer class used to write the
[2022-12-30T20:52:13.196-0500] {subprocess.py:93} INFO -                                         results of the conversion
[2022-12-30T20:52:13.196-0500] {subprocess.py:93} INFO -     Default: 'FilesWriter'
[2022-12-30T20:52:13.196-0500] {subprocess.py:93} INFO -     Equivalent to: [--NbConvertApp.writer_class]
[2022-12-30T20:52:13.196-0500] {subprocess.py:93} INFO - --post=<DottedOrNone>
[2022-12-30T20:52:13.197-0500] {subprocess.py:93} INFO -     PostProcessor class used to write the
[2022-12-30T20:52:13.197-0500] {subprocess.py:93} INFO -                                         results of the conversion
[2022-12-30T20:52:13.197-0500] {subprocess.py:93} INFO -     Default: ''
[2022-12-30T20:52:13.197-0500] {subprocess.py:93} INFO -     Equivalent to: [--NbConvertApp.postprocessor_class]
[2022-12-30T20:52:13.197-0500] {subprocess.py:93} INFO - --output=<Unicode>
[2022-12-30T20:52:13.197-0500] {subprocess.py:93} INFO -     overwrite base name use for output files.
[2022-12-30T20:52:13.198-0500] {subprocess.py:93} INFO -                 can only be used when converting one notebook at a time.
[2022-12-30T20:52:13.198-0500] {subprocess.py:93} INFO -     Default: ''
[2022-12-30T20:52:13.198-0500] {subprocess.py:93} INFO -     Equivalent to: [--NbConvertApp.output_base]
[2022-12-30T20:52:13.198-0500] {subprocess.py:93} INFO - --output-dir=<Unicode>
[2022-12-30T20:52:13.198-0500] {subprocess.py:93} INFO -     Directory to write output(s) to. Defaults
[2022-12-30T20:52:13.198-0500] {subprocess.py:93} INFO -                                   to output to the directory of each notebook. To recover
[2022-12-30T20:52:13.199-0500] {subprocess.py:93} INFO -                                   previous default behaviour (outputting to the current
[2022-12-30T20:52:13.199-0500] {subprocess.py:93} INFO -                                   working directory) use . as the flag value.
[2022-12-30T20:52:13.199-0500] {subprocess.py:93} INFO -     Default: ''
[2022-12-30T20:52:13.199-0500] {subprocess.py:93} INFO -     Equivalent to: [--FilesWriter.build_directory]
[2022-12-30T20:52:13.199-0500] {subprocess.py:93} INFO - --reveal-prefix=<Unicode>
[2022-12-30T20:52:13.199-0500] {subprocess.py:93} INFO -     The URL prefix for reveal.js (version 3.x).
[2022-12-30T20:52:13.200-0500] {subprocess.py:93} INFO -             This defaults to the reveal CDN, but can be any url pointing to a copy
[2022-12-30T20:52:13.200-0500] {subprocess.py:93} INFO -             of reveal.js.
[2022-12-30T20:52:13.200-0500] {subprocess.py:93} INFO -             For speaker notes to work, this must be a relative path to a local
[2022-12-30T20:52:13.200-0500] {subprocess.py:93} INFO -             copy of reveal.js: e.g., "reveal.js".
[2022-12-30T20:52:13.200-0500] {subprocess.py:93} INFO -             If a relative path is given, it must be a subdirectory of the
[2022-12-30T20:52:13.200-0500] {subprocess.py:93} INFO -             current directory (from which the server is run).
[2022-12-30T20:52:13.201-0500] {subprocess.py:93} INFO -             See the usage documentation
[2022-12-30T20:52:13.201-0500] {subprocess.py:93} INFO -             (https://nbconvert.readthedocs.io/en/latest/usage.html#reveal-js-html-slideshow)
[2022-12-30T20:52:13.201-0500] {subprocess.py:93} INFO -             for more details.
[2022-12-30T20:52:13.201-0500] {subprocess.py:93} INFO -     Default: ''
[2022-12-30T20:52:13.201-0500] {subprocess.py:93} INFO -     Equivalent to: [--SlidesExporter.reveal_url_prefix]
[2022-12-30T20:52:13.201-0500] {subprocess.py:93} INFO - --nbformat=<Enum>
[2022-12-30T20:52:13.202-0500] {subprocess.py:93} INFO -     The nbformat version to write.
[2022-12-30T20:52:13.202-0500] {subprocess.py:93} INFO -             Use this to downgrade notebooks.
[2022-12-30T20:52:13.202-0500] {subprocess.py:93} INFO -     Choices: any of [1, 2, 3, 4]
[2022-12-30T20:52:13.202-0500] {subprocess.py:93} INFO -     Default: 4
[2022-12-30T20:52:13.202-0500] {subprocess.py:93} INFO -     Equivalent to: [--NotebookExporter.nbformat_version]
[2022-12-30T20:52:13.202-0500] {subprocess.py:93} INFO - 
[2022-12-30T20:52:13.203-0500] {subprocess.py:93} INFO - Examples
[2022-12-30T20:52:13.203-0500] {subprocess.py:93} INFO - --------
[2022-12-30T20:52:13.203-0500] {subprocess.py:93} INFO - 
[2022-12-30T20:52:13.203-0500] {subprocess.py:93} INFO -     The simplest way to use nbconvert is
[2022-12-30T20:52:13.203-0500] {subprocess.py:93} INFO - 
[2022-12-30T20:52:13.203-0500] {subprocess.py:93} INFO -             > jupyter nbconvert mynotebook.ipynb --to html
[2022-12-30T20:52:13.204-0500] {subprocess.py:93} INFO - 
[2022-12-30T20:52:13.204-0500] {subprocess.py:93} INFO -             Options include ['asciidoc', 'custom', 'html', 'latex', 'markdown', 'notebook', 'pdf', 'python', 'qtpdf', 'qtpng', 'rst', 'script', 'slides', 'webpdf'].
[2022-12-30T20:52:13.204-0500] {subprocess.py:93} INFO - 
[2022-12-30T20:52:13.204-0500] {subprocess.py:93} INFO -             > jupyter nbconvert --to latex mynotebook.ipynb
[2022-12-30T20:52:13.204-0500] {subprocess.py:93} INFO - 
[2022-12-30T20:52:13.204-0500] {subprocess.py:93} INFO -             Both HTML and LaTeX support multiple output templates. LaTeX includes
[2022-12-30T20:52:13.205-0500] {subprocess.py:93} INFO -             'base', 'article' and 'report'.  HTML includes 'basic', 'lab' and
[2022-12-30T20:52:13.205-0500] {subprocess.py:93} INFO -             'classic'. You can specify the flavor of the format used.
[2022-12-30T20:52:13.205-0500] {subprocess.py:93} INFO - 
[2022-12-30T20:52:13.205-0500] {subprocess.py:93} INFO -             > jupyter nbconvert --to html --template lab mynotebook.ipynb
[2022-12-30T20:52:13.205-0500] {subprocess.py:93} INFO - 
[2022-12-30T20:52:13.205-0500] {subprocess.py:93} INFO -             You can also pipe the output to stdout, rather than a file
[2022-12-30T20:52:13.206-0500] {subprocess.py:93} INFO - 
[2022-12-30T20:52:13.206-0500] {subprocess.py:93} INFO -             > jupyter nbconvert mynotebook.ipynb --stdout
[2022-12-30T20:52:13.206-0500] {subprocess.py:93} INFO - 
[2022-12-30T20:52:13.206-0500] {subprocess.py:93} INFO -             PDF is generated via latex
[2022-12-30T20:52:13.206-0500] {subprocess.py:93} INFO - 
[2022-12-30T20:52:13.206-0500] {subprocess.py:93} INFO -             > jupyter nbconvert mynotebook.ipynb --to pdf
[2022-12-30T20:52:13.207-0500] {subprocess.py:93} INFO - 
[2022-12-30T20:52:13.207-0500] {subprocess.py:93} INFO -             You can get (and serve) a Reveal.js-powered slideshow
[2022-12-30T20:52:13.207-0500] {subprocess.py:93} INFO - 
[2022-12-30T20:52:13.207-0500] {subprocess.py:93} INFO -             > jupyter nbconvert myslides.ipynb --to slides --post serve
[2022-12-30T20:52:13.207-0500] {subprocess.py:93} INFO - 
[2022-12-30T20:52:13.207-0500] {subprocess.py:93} INFO -             Multiple notebooks can be given at the command line in a couple of
[2022-12-30T20:52:13.208-0500] {subprocess.py:93} INFO -             different ways:
[2022-12-30T20:52:13.208-0500] {subprocess.py:93} INFO - 
[2022-12-30T20:52:13.208-0500] {subprocess.py:93} INFO -             > jupyter nbconvert notebook*.ipynb
[2022-12-30T20:52:13.208-0500] {subprocess.py:93} INFO -             > jupyter nbconvert notebook1.ipynb notebook2.ipynb
[2022-12-30T20:52:13.208-0500] {subprocess.py:93} INFO - 
[2022-12-30T20:52:13.208-0500] {subprocess.py:93} INFO -             or you can specify the notebooks list in a config file, containing::
[2022-12-30T20:52:13.209-0500] {subprocess.py:93} INFO - 
[2022-12-30T20:52:13.209-0500] {subprocess.py:93} INFO -                 c.NbConvertApp.notebooks = ["my_notebook.ipynb"]
[2022-12-30T20:52:13.209-0500] {subprocess.py:93} INFO - 
[2022-12-30T20:52:13.209-0500] {subprocess.py:93} INFO -             > jupyter nbconvert --config mycfg.py
[2022-12-30T20:52:13.209-0500] {subprocess.py:93} INFO - 
[2022-12-30T20:52:13.209-0500] {subprocess.py:93} INFO - To see all available configurables, use `--help-all`.
[2022-12-30T20:52:13.210-0500] {subprocess.py:93} INFO - 
[2022-12-30T20:52:13.214-0500] {subprocess.py:97} INFO - Command exited with return code 255
[2022-12-30T20:52:13.221-0500] {taskinstance.py:1772} ERROR - Task failed with exception
Traceback (most recent call last):
  File "/Library/Frameworks/Python.framework/Versions/3.7/lib/python3.7/site-packages/airflow/operators/bash.py", line 197, in execute
    f"Bash command failed. The command returned a non-zero exit code {result.exit_code}."
airflow.exceptions.AirflowException: Bash command failed. The command returned a non-zero exit code 255.
[2022-12-30T20:52:13.223-0500] {taskinstance.py:1327} INFO - Marking task as FAILED. dag_id=realtor_census_dashboard_etl, task_id=Extract_n_Transform_Data, execution_date=20220313T000000, start_date=20221231T015212, end_date=20221231T015213
[2022-12-30T20:52:13.230-0500] {standard_task_runner.py:105} ERROR - Failed to execute job 101 for task Extract_n_Transform_Data (Bash command failed. The command returned a non-zero exit code 255.; 24310)
[2022-12-30T20:52:13.267-0500] {local_task_job.py:159} INFO - Task exited with return code 1
[2022-12-30T20:52:13.284-0500] {taskinstance.py:2582} INFO - 0 downstream tasks scheduled from follow-on schedule check
