[2022-12-29T22:51:35.381-0500] {processor.py:153} INFO - Started process (PID=7228) to work on /Library/Frameworks/Python.framework/Versions/3.7/lib/python3.7/site-packages/airflow/example_dags/example_branch_datetime_operator.py
[2022-12-29T22:51:35.382-0500] {processor.py:743} INFO - Processing file /Library/Frameworks/Python.framework/Versions/3.7/lib/python3.7/site-packages/airflow/example_dags/example_branch_datetime_operator.py for tasks to queue
[2022-12-29T22:51:35.384-0500] {logging_mixin.py:137} INFO - [2022-12-29T22:51:35.384-0500] {dagbag.py:538} INFO - Filling up the DagBag from /Library/Frameworks/Python.framework/Versions/3.7/lib/python3.7/site-packages/airflow/example_dags/example_branch_datetime_operator.py
[2022-12-29T22:51:35.408-0500] {processor.py:753} INFO - DAG(s) dict_keys(['example_branch_datetime_operator_2', 'example_branch_datetime_operator_3', 'example_branch_datetime_operator']) retrieved from /Library/Frameworks/Python.framework/Versions/3.7/lib/python3.7/site-packages/airflow/example_dags/example_branch_datetime_operator.py
[2022-12-29T22:51:35.486-0500] {logging_mixin.py:137} INFO - [2022-12-29T22:51:35.485-0500] {manager.py:504} INFO - Created Permission View: can read on DAG:example_branch_datetime_operator_2
[2022-12-29T22:51:35.492-0500] {logging_mixin.py:137} INFO - [2022-12-29T22:51:35.492-0500] {manager.py:504} INFO - Created Permission View: can delete on DAG:example_branch_datetime_operator_2
[2022-12-29T22:51:35.496-0500] {logging_mixin.py:137} INFO - [2022-12-29T22:51:35.495-0500] {manager.py:504} INFO - Created Permission View: can edit on DAG:example_branch_datetime_operator_2
[2022-12-29T22:51:35.503-0500] {logging_mixin.py:137} INFO - [2022-12-29T22:51:35.503-0500] {manager.py:504} INFO - Created Permission View: can read on DAG:example_branch_datetime_operator_3
[2022-12-29T22:51:35.507-0500] {logging_mixin.py:137} INFO - [2022-12-29T22:51:35.507-0500] {manager.py:504} INFO - Created Permission View: can delete on DAG:example_branch_datetime_operator_3
[2022-12-29T22:51:35.510-0500] {logging_mixin.py:137} INFO - [2022-12-29T22:51:35.510-0500] {manager.py:504} INFO - Created Permission View: can edit on DAG:example_branch_datetime_operator_3
[2022-12-29T22:51:35.518-0500] {logging_mixin.py:137} INFO - [2022-12-29T22:51:35.517-0500] {manager.py:504} INFO - Created Permission View: can read on DAG:example_branch_datetime_operator
[2022-12-29T22:51:35.521-0500] {logging_mixin.py:137} INFO - [2022-12-29T22:51:35.521-0500] {manager.py:504} INFO - Created Permission View: can delete on DAG:example_branch_datetime_operator
[2022-12-29T22:51:35.525-0500] {logging_mixin.py:137} INFO - [2022-12-29T22:51:35.525-0500] {manager.py:504} INFO - Created Permission View: can edit on DAG:example_branch_datetime_operator
[2022-12-29T22:51:35.525-0500] {logging_mixin.py:137} INFO - [2022-12-29T22:51:35.525-0500] {dag.py:2676} INFO - Sync 3 DAGs
[2022-12-29T22:51:35.533-0500] {logging_mixin.py:137} INFO - [2022-12-29T22:51:35.533-0500] {dag.py:2697} INFO - Creating ORM DAG for example_branch_datetime_operator
[2022-12-29T22:51:35.534-0500] {logging_mixin.py:137} INFO - [2022-12-29T22:51:35.534-0500] {dag.py:2697} INFO - Creating ORM DAG for example_branch_datetime_operator_2
[2022-12-29T22:51:35.534-0500] {logging_mixin.py:137} INFO - [2022-12-29T22:51:35.534-0500] {dag.py:2697} INFO - Creating ORM DAG for example_branch_datetime_operator_3
[2022-12-29T22:51:35.542-0500] {logging_mixin.py:137} INFO - [2022-12-29T22:51:35.542-0500] {dag.py:3427} INFO - Setting next_dagrun for example_branch_datetime_operator to 2022-12-29T00:00:00+00:00, run_after=2022-12-30T00:00:00+00:00
[2022-12-29T22:51:35.544-0500] {logging_mixin.py:137} INFO - [2022-12-29T22:51:35.543-0500] {dag.py:3427} INFO - Setting next_dagrun for example_branch_datetime_operator_2 to 2022-12-29T00:00:00+00:00, run_after=2022-12-30T00:00:00+00:00
[2022-12-29T22:51:35.545-0500] {logging_mixin.py:137} INFO - [2022-12-29T22:51:35.545-0500] {dag.py:3427} INFO - Setting next_dagrun for example_branch_datetime_operator_3 to 2022-12-29T00:00:00+00:00, run_after=2022-12-30T00:00:00+00:00
[2022-12-29T22:51:35.557-0500] {processor.py:175} INFO - Processing /Library/Frameworks/Python.framework/Versions/3.7/lib/python3.7/site-packages/airflow/example_dags/example_branch_datetime_operator.py took 0.181 seconds
