[2022-12-29T22:51:14.991-0500] {processor.py:153} INFO - Started process (PID=7209) to work on /Library/Frameworks/Python.framework/Versions/3.7/lib/python3.7/site-packages/airflow/example_dags/example_sensor_decorator.py
[2022-12-29T22:51:14.992-0500] {processor.py:743} INFO - Processing file /Library/Frameworks/Python.framework/Versions/3.7/lib/python3.7/site-packages/airflow/example_dags/example_sensor_decorator.py for tasks to queue
[2022-12-29T22:51:14.993-0500] {logging_mixin.py:137} INFO - [2022-12-29T22:51:14.993-0500] {dagbag.py:538} INFO - Filling up the DagBag from /Library/Frameworks/Python.framework/Versions/3.7/lib/python3.7/site-packages/airflow/example_dags/example_sensor_decorator.py
[2022-12-29T22:51:15.012-0500] {logging_mixin.py:137} WARNING - /Library/Frameworks/Python.framework/Versions/3.7/lib/python3.7/site-packages/airflow/models/dag.py:3524 RemovedInAirflow3Warning: Param `schedule_interval` is deprecated and will be removed in a future release. Please use `schedule` instead.
[2022-12-29T22:51:15.019-0500] {processor.py:753} INFO - DAG(s) dict_keys(['example_sensor_decorator']) retrieved from /Library/Frameworks/Python.framework/Versions/3.7/lib/python3.7/site-packages/airflow/example_dags/example_sensor_decorator.py
[2022-12-29T22:51:15.101-0500] {logging_mixin.py:137} INFO - [2022-12-29T22:51:15.101-0500] {manager.py:504} INFO - Created Permission View: can read on DAG:example_sensor_decorator
[2022-12-29T22:51:15.107-0500] {logging_mixin.py:137} INFO - [2022-12-29T22:51:15.107-0500] {manager.py:504} INFO - Created Permission View: can delete on DAG:example_sensor_decorator
[2022-12-29T22:51:15.112-0500] {logging_mixin.py:137} INFO - [2022-12-29T22:51:15.111-0500] {manager.py:504} INFO - Created Permission View: can edit on DAG:example_sensor_decorator
[2022-12-29T22:51:15.112-0500] {logging_mixin.py:137} INFO - [2022-12-29T22:51:15.112-0500] {dag.py:2676} INFO - Sync 1 DAGs
[2022-12-29T22:51:15.120-0500] {logging_mixin.py:137} INFO - [2022-12-29T22:51:15.120-0500] {dag.py:2697} INFO - Creating ORM DAG for example_sensor_decorator
[2022-12-29T22:51:15.128-0500] {logging_mixin.py:137} INFO - [2022-12-29T22:51:15.128-0500] {dag.py:3427} INFO - Setting next_dagrun for example_sensor_decorator to None, run_after=None
[2022-12-29T22:51:15.141-0500] {processor.py:175} INFO - Processing /Library/Frameworks/Python.framework/Versions/3.7/lib/python3.7/site-packages/airflow/example_dags/example_sensor_decorator.py took 0.153 seconds
[2022-12-29T22:51:55.917-0500] {processor.py:153} INFO - Started process (PID=7270) to work on /Library/Frameworks/Python.framework/Versions/3.7/lib/python3.7/site-packages/airflow/example_dags/example_sensor_decorator.py
[2022-12-29T22:51:55.920-0500] {processor.py:743} INFO - Processing file /Library/Frameworks/Python.framework/Versions/3.7/lib/python3.7/site-packages/airflow/example_dags/example_sensor_decorator.py for tasks to queue
[2022-12-29T22:51:55.921-0500] {logging_mixin.py:137} INFO - [2022-12-29T22:51:55.920-0500] {dagbag.py:538} INFO - Filling up the DagBag from /Library/Frameworks/Python.framework/Versions/3.7/lib/python3.7/site-packages/airflow/example_dags/example_sensor_decorator.py
[2022-12-29T22:51:55.944-0500] {logging_mixin.py:137} WARNING - /Library/Frameworks/Python.framework/Versions/3.7/lib/python3.7/site-packages/airflow/models/dag.py:3524 RemovedInAirflow3Warning: Param `schedule_interval` is deprecated and will be removed in a future release. Please use `schedule` instead.
[2022-12-29T22:51:55.951-0500] {processor.py:753} INFO - DAG(s) dict_keys(['example_sensor_decorator']) retrieved from /Library/Frameworks/Python.framework/Versions/3.7/lib/python3.7/site-packages/airflow/example_dags/example_sensor_decorator.py
[2022-12-29T22:51:55.992-0500] {logging_mixin.py:137} INFO - [2022-12-29T22:51:55.988-0500] {dag.py:2676} INFO - Sync 1 DAGs
[2022-12-29T22:51:56.012-0500] {logging_mixin.py:137} INFO - [2022-12-29T22:51:56.012-0500] {dag.py:3427} INFO - Setting next_dagrun for example_sensor_decorator to None, run_after=None
[2022-12-29T22:51:56.030-0500] {processor.py:175} INFO - Processing /Library/Frameworks/Python.framework/Versions/3.7/lib/python3.7/site-packages/airflow/example_dags/example_sensor_decorator.py took 0.118 seconds
