[2022-12-29T22:50:59.669-0500] {processor.py:153} INFO - Started process (PID=7177) to work on /Library/Frameworks/Python.framework/Versions/3.7/lib/python3.7/site-packages/airflow/example_dags/example_xcomargs.py
[2022-12-29T22:50:59.670-0500] {processor.py:743} INFO - Processing file /Library/Frameworks/Python.framework/Versions/3.7/lib/python3.7/site-packages/airflow/example_dags/example_xcomargs.py for tasks to queue
[2022-12-29T22:50:59.675-0500] {logging_mixin.py:137} INFO - [2022-12-29T22:50:59.674-0500] {dagbag.py:538} INFO - Filling up the DagBag from /Library/Frameworks/Python.framework/Versions/3.7/lib/python3.7/site-packages/airflow/example_dags/example_xcomargs.py
[2022-12-29T22:50:59.698-0500] {processor.py:753} INFO - DAG(s) dict_keys(['example_xcom_args_with_operators', 'example_xcom_args']) retrieved from /Library/Frameworks/Python.framework/Versions/3.7/lib/python3.7/site-packages/airflow/example_dags/example_xcomargs.py
[2022-12-29T22:50:59.774-0500] {logging_mixin.py:137} INFO - [2022-12-29T22:50:59.774-0500] {manager.py:504} INFO - Created Permission View: can read on DAG:example_xcom_args_with_operators
[2022-12-29T22:50:59.780-0500] {logging_mixin.py:137} INFO - [2022-12-29T22:50:59.780-0500] {manager.py:504} INFO - Created Permission View: can delete on DAG:example_xcom_args_with_operators
[2022-12-29T22:50:59.784-0500] {logging_mixin.py:137} INFO - [2022-12-29T22:50:59.784-0500] {manager.py:504} INFO - Created Permission View: can edit on DAG:example_xcom_args_with_operators
[2022-12-29T22:50:59.791-0500] {logging_mixin.py:137} INFO - [2022-12-29T22:50:59.791-0500] {manager.py:504} INFO - Created Permission View: can read on DAG:example_xcom_args
[2022-12-29T22:50:59.795-0500] {logging_mixin.py:137} INFO - [2022-12-29T22:50:59.795-0500] {manager.py:504} INFO - Created Permission View: can delete on DAG:example_xcom_args
[2022-12-29T22:50:59.799-0500] {logging_mixin.py:137} INFO - [2022-12-29T22:50:59.799-0500] {manager.py:504} INFO - Created Permission View: can edit on DAG:example_xcom_args
[2022-12-29T22:50:59.800-0500] {logging_mixin.py:137} INFO - [2022-12-29T22:50:59.799-0500] {dag.py:2676} INFO - Sync 2 DAGs
[2022-12-29T22:50:59.808-0500] {logging_mixin.py:137} INFO - [2022-12-29T22:50:59.807-0500] {dag.py:2697} INFO - Creating ORM DAG for example_xcom_args
[2022-12-29T22:50:59.808-0500] {logging_mixin.py:137} INFO - [2022-12-29T22:50:59.808-0500] {dag.py:2697} INFO - Creating ORM DAG for example_xcom_args_with_operators
[2022-12-29T22:50:59.815-0500] {logging_mixin.py:137} INFO - [2022-12-29T22:50:59.814-0500] {dag.py:3427} INFO - Setting next_dagrun for example_xcom_args to None, run_after=None
[2022-12-29T22:50:59.815-0500] {logging_mixin.py:137} INFO - [2022-12-29T22:50:59.815-0500] {dag.py:3427} INFO - Setting next_dagrun for example_xcom_args_with_operators to None, run_after=None
[2022-12-29T22:50:59.827-0500] {processor.py:175} INFO - Processing /Library/Frameworks/Python.framework/Versions/3.7/lib/python3.7/site-packages/airflow/example_dags/example_xcomargs.py took 0.161 seconds
[2022-12-29T22:51:43.262-0500] {processor.py:153} INFO - Started process (PID=7243) to work on /Library/Frameworks/Python.framework/Versions/3.7/lib/python3.7/site-packages/airflow/example_dags/example_xcomargs.py
[2022-12-29T22:51:43.263-0500] {processor.py:743} INFO - Processing file /Library/Frameworks/Python.framework/Versions/3.7/lib/python3.7/site-packages/airflow/example_dags/example_xcomargs.py for tasks to queue
[2022-12-29T22:51:43.264-0500] {logging_mixin.py:137} INFO - [2022-12-29T22:51:43.264-0500] {dagbag.py:538} INFO - Filling up the DagBag from /Library/Frameworks/Python.framework/Versions/3.7/lib/python3.7/site-packages/airflow/example_dags/example_xcomargs.py
[2022-12-29T22:51:43.281-0500] {processor.py:753} INFO - DAG(s) dict_keys(['example_xcom_args', 'example_xcom_args_with_operators']) retrieved from /Library/Frameworks/Python.framework/Versions/3.7/lib/python3.7/site-packages/airflow/example_dags/example_xcomargs.py
[2022-12-29T22:51:43.301-0500] {logging_mixin.py:137} INFO - [2022-12-29T22:51:43.301-0500] {dag.py:2676} INFO - Sync 2 DAGs
[2022-12-29T22:51:43.316-0500] {logging_mixin.py:137} INFO - [2022-12-29T22:51:43.316-0500] {dag.py:3427} INFO - Setting next_dagrun for example_xcom_args to None, run_after=None
[2022-12-29T22:51:43.318-0500] {logging_mixin.py:137} INFO - [2022-12-29T22:51:43.318-0500] {dag.py:3427} INFO - Setting next_dagrun for example_xcom_args_with_operators to None, run_after=None
[2022-12-29T22:51:43.329-0500] {processor.py:175} INFO - Processing /Library/Frameworks/Python.framework/Versions/3.7/lib/python3.7/site-packages/airflow/example_dags/example_xcomargs.py took 0.069 seconds
