[2022-12-29T22:51:16.259-0500] {processor.py:153} INFO - Started process (PID=7210) to work on /Library/Frameworks/Python.framework/Versions/3.7/lib/python3.7/site-packages/airflow/example_dags/example_python_operator.py
[2022-12-29T22:51:16.261-0500] {processor.py:743} INFO - Processing file /Library/Frameworks/Python.framework/Versions/3.7/lib/python3.7/site-packages/airflow/example_dags/example_python_operator.py for tasks to queue
[2022-12-29T22:51:16.262-0500] {logging_mixin.py:137} INFO - [2022-12-29T22:51:16.262-0500] {dagbag.py:538} INFO - Filling up the DagBag from /Library/Frameworks/Python.framework/Versions/3.7/lib/python3.7/site-packages/airflow/example_dags/example_python_operator.py
[2022-12-29T22:51:16.286-0500] {logging_mixin.py:137} INFO - [2022-12-29T22:51:16.286-0500] {taskmixin.py:205} WARNING - Dependency <Task(_PythonDecoratedOperator): print_the_context>, log_sql_query already registered for DAG: example_python_operator
[2022-12-29T22:51:16.287-0500] {logging_mixin.py:137} INFO - [2022-12-29T22:51:16.287-0500] {taskmixin.py:205} WARNING - Dependency <Task(_PythonDecoratedOperator): log_sql_query>, print_the_context already registered for DAG: example_python_operator
[2022-12-29T22:51:16.288-0500] {logging_mixin.py:137} INFO - [2022-12-29T22:51:16.288-0500] {taskmixin.py:205} WARNING - Dependency <Task(_PythonDecoratedOperator): print_the_context>, log_sql_query already registered for DAG: example_python_operator
[2022-12-29T22:51:16.288-0500] {logging_mixin.py:137} INFO - [2022-12-29T22:51:16.288-0500] {taskmixin.py:205} WARNING - Dependency <Task(_PythonDecoratedOperator): log_sql_query>, print_the_context already registered for DAG: example_python_operator
[2022-12-29T22:51:16.289-0500] {logging_mixin.py:137} INFO - [2022-12-29T22:51:16.289-0500] {taskmixin.py:205} WARNING - Dependency <Task(_PythonDecoratedOperator): print_the_context>, log_sql_query already registered for DAG: example_python_operator
[2022-12-29T22:51:16.290-0500] {logging_mixin.py:137} INFO - [2022-12-29T22:51:16.289-0500] {taskmixin.py:205} WARNING - Dependency <Task(_PythonDecoratedOperator): log_sql_query>, print_the_context already registered for DAG: example_python_operator
[2022-12-29T22:51:16.290-0500] {logging_mixin.py:137} INFO - [2022-12-29T22:51:16.290-0500] {taskmixin.py:205} WARNING - Dependency <Task(_PythonDecoratedOperator): print_the_context>, log_sql_query already registered for DAG: example_python_operator
[2022-12-29T22:51:16.291-0500] {logging_mixin.py:137} INFO - [2022-12-29T22:51:16.291-0500] {taskmixin.py:205} WARNING - Dependency <Task(_PythonDecoratedOperator): log_sql_query>, print_the_context already registered for DAG: example_python_operator
[2022-12-29T22:51:16.292-0500] {logging_mixin.py:137} INFO - [2022-12-29T22:51:16.291-0500] {example_python_operator.py:90} WARNING - The virtalenv_python example task requires virtualenv, please install it.
[2022-12-29T22:51:16.297-0500] {processor.py:753} INFO - DAG(s) dict_keys(['example_python_operator']) retrieved from /Library/Frameworks/Python.framework/Versions/3.7/lib/python3.7/site-packages/airflow/example_dags/example_python_operator.py
[2022-12-29T22:51:16.371-0500] {logging_mixin.py:137} INFO - [2022-12-29T22:51:16.371-0500] {manager.py:504} INFO - Created Permission View: can read on DAG:example_python_operator
[2022-12-29T22:51:16.376-0500] {logging_mixin.py:137} INFO - [2022-12-29T22:51:16.376-0500] {manager.py:504} INFO - Created Permission View: can delete on DAG:example_python_operator
[2022-12-29T22:51:16.380-0500] {logging_mixin.py:137} INFO - [2022-12-29T22:51:16.380-0500] {manager.py:504} INFO - Created Permission View: can edit on DAG:example_python_operator
[2022-12-29T22:51:16.380-0500] {logging_mixin.py:137} INFO - [2022-12-29T22:51:16.380-0500] {dag.py:2676} INFO - Sync 1 DAGs
[2022-12-29T22:51:16.389-0500] {logging_mixin.py:137} INFO - [2022-12-29T22:51:16.388-0500] {dag.py:2697} INFO - Creating ORM DAG for example_python_operator
[2022-12-29T22:51:16.395-0500] {logging_mixin.py:137} INFO - [2022-12-29T22:51:16.395-0500] {dag.py:3427} INFO - Setting next_dagrun for example_python_operator to None, run_after=None
[2022-12-29T22:51:16.407-0500] {processor.py:175} INFO - Processing /Library/Frameworks/Python.framework/Versions/3.7/lib/python3.7/site-packages/airflow/example_dags/example_python_operator.py took 0.153 seconds
[2022-12-29T22:51:57.191-0500] {processor.py:153} INFO - Started process (PID=7271) to work on /Library/Frameworks/Python.framework/Versions/3.7/lib/python3.7/site-packages/airflow/example_dags/example_python_operator.py
[2022-12-29T22:51:57.194-0500] {processor.py:743} INFO - Processing file /Library/Frameworks/Python.framework/Versions/3.7/lib/python3.7/site-packages/airflow/example_dags/example_python_operator.py for tasks to queue
[2022-12-29T22:51:57.195-0500] {logging_mixin.py:137} INFO - [2022-12-29T22:51:57.195-0500] {dagbag.py:538} INFO - Filling up the DagBag from /Library/Frameworks/Python.framework/Versions/3.7/lib/python3.7/site-packages/airflow/example_dags/example_python_operator.py
[2022-12-29T22:51:57.220-0500] {logging_mixin.py:137} INFO - [2022-12-29T22:51:57.220-0500] {taskmixin.py:205} WARNING - Dependency <Task(_PythonDecoratedOperator): print_the_context>, log_sql_query already registered for DAG: example_python_operator
[2022-12-29T22:51:57.221-0500] {logging_mixin.py:137} INFO - [2022-12-29T22:51:57.220-0500] {taskmixin.py:205} WARNING - Dependency <Task(_PythonDecoratedOperator): log_sql_query>, print_the_context already registered for DAG: example_python_operator
[2022-12-29T22:51:57.221-0500] {logging_mixin.py:137} INFO - [2022-12-29T22:51:57.221-0500] {taskmixin.py:205} WARNING - Dependency <Task(_PythonDecoratedOperator): print_the_context>, log_sql_query already registered for DAG: example_python_operator
[2022-12-29T22:51:57.222-0500] {logging_mixin.py:137} INFO - [2022-12-29T22:51:57.222-0500] {taskmixin.py:205} WARNING - Dependency <Task(_PythonDecoratedOperator): log_sql_query>, print_the_context already registered for DAG: example_python_operator
[2022-12-29T22:51:57.223-0500] {logging_mixin.py:137} INFO - [2022-12-29T22:51:57.223-0500] {taskmixin.py:205} WARNING - Dependency <Task(_PythonDecoratedOperator): print_the_context>, log_sql_query already registered for DAG: example_python_operator
[2022-12-29T22:51:57.223-0500] {logging_mixin.py:137} INFO - [2022-12-29T22:51:57.223-0500] {taskmixin.py:205} WARNING - Dependency <Task(_PythonDecoratedOperator): log_sql_query>, print_the_context already registered for DAG: example_python_operator
[2022-12-29T22:51:57.224-0500] {logging_mixin.py:137} INFO - [2022-12-29T22:51:57.224-0500] {taskmixin.py:205} WARNING - Dependency <Task(_PythonDecoratedOperator): print_the_context>, log_sql_query already registered for DAG: example_python_operator
[2022-12-29T22:51:57.225-0500] {logging_mixin.py:137} INFO - [2022-12-29T22:51:57.225-0500] {taskmixin.py:205} WARNING - Dependency <Task(_PythonDecoratedOperator): log_sql_query>, print_the_context already registered for DAG: example_python_operator
[2022-12-29T22:51:57.225-0500] {logging_mixin.py:137} INFO - [2022-12-29T22:51:57.225-0500] {example_python_operator.py:90} WARNING - The virtalenv_python example task requires virtualenv, please install it.
[2022-12-29T22:51:57.230-0500] {processor.py:753} INFO - DAG(s) dict_keys(['example_python_operator']) retrieved from /Library/Frameworks/Python.framework/Versions/3.7/lib/python3.7/site-packages/airflow/example_dags/example_python_operator.py
[2022-12-29T22:51:57.254-0500] {logging_mixin.py:137} INFO - [2022-12-29T22:51:57.254-0500] {dag.py:2676} INFO - Sync 1 DAGs
[2022-12-29T22:51:57.269-0500] {logging_mixin.py:137} INFO - [2022-12-29T22:51:57.269-0500] {dag.py:3427} INFO - Setting next_dagrun for example_python_operator to None, run_after=None
[2022-12-29T22:51:57.281-0500] {processor.py:175} INFO - Processing /Library/Frameworks/Python.framework/Versions/3.7/lib/python3.7/site-packages/airflow/example_dags/example_python_operator.py took 0.096 seconds
