[2022-12-29T22:51:27.781-0500] {processor.py:153} INFO - Started process (PID=7220) to work on /Library/Frameworks/Python.framework/Versions/3.7/lib/python3.7/site-packages/airflow/example_dags/example_complex.py
[2022-12-29T22:51:27.782-0500] {processor.py:743} INFO - Processing file /Library/Frameworks/Python.framework/Versions/3.7/lib/python3.7/site-packages/airflow/example_dags/example_complex.py for tasks to queue
[2022-12-29T22:51:27.784-0500] {logging_mixin.py:137} INFO - [2022-12-29T22:51:27.784-0500] {dagbag.py:538} INFO - Filling up the DagBag from /Library/Frameworks/Python.framework/Versions/3.7/lib/python3.7/site-packages/airflow/example_dags/example_complex.py
[2022-12-29T22:51:27.801-0500] {logging_mixin.py:137} INFO - [2022-12-29T22:51:27.801-0500] {taskmixin.py:205} WARNING - Dependency <Task(BashOperator): create_entry_group>, delete_entry_group already registered for DAG: example_complex
[2022-12-29T22:51:27.802-0500] {logging_mixin.py:137} INFO - [2022-12-29T22:51:27.802-0500] {taskmixin.py:205} WARNING - Dependency <Task(BashOperator): delete_entry_group>, create_entry_group already registered for DAG: example_complex
[2022-12-29T22:51:27.803-0500] {logging_mixin.py:137} INFO - [2022-12-29T22:51:27.802-0500] {taskmixin.py:205} WARNING - Dependency <Task(BashOperator): create_entry_gcs>, delete_entry already registered for DAG: example_complex
[2022-12-29T22:51:27.803-0500] {logging_mixin.py:137} INFO - [2022-12-29T22:51:27.803-0500] {taskmixin.py:205} WARNING - Dependency <Task(BashOperator): delete_entry>, create_entry_gcs already registered for DAG: example_complex
[2022-12-29T22:51:27.804-0500] {logging_mixin.py:137} INFO - [2022-12-29T22:51:27.804-0500] {taskmixin.py:205} WARNING - Dependency <Task(BashOperator): create_tag>, delete_tag already registered for DAG: example_complex
[2022-12-29T22:51:27.805-0500] {logging_mixin.py:137} INFO - [2022-12-29T22:51:27.804-0500] {taskmixin.py:205} WARNING - Dependency <Task(BashOperator): delete_tag>, create_tag already registered for DAG: example_complex
[2022-12-29T22:51:27.813-0500] {processor.py:753} INFO - DAG(s) dict_keys(['example_complex']) retrieved from /Library/Frameworks/Python.framework/Versions/3.7/lib/python3.7/site-packages/airflow/example_dags/example_complex.py
[2022-12-29T22:51:27.890-0500] {logging_mixin.py:137} INFO - [2022-12-29T22:51:27.890-0500] {manager.py:504} INFO - Created Permission View: can read on DAG:example_complex
[2022-12-29T22:51:27.896-0500] {logging_mixin.py:137} INFO - [2022-12-29T22:51:27.896-0500] {manager.py:504} INFO - Created Permission View: can delete on DAG:example_complex
[2022-12-29T22:51:27.900-0500] {logging_mixin.py:137} INFO - [2022-12-29T22:51:27.900-0500] {manager.py:504} INFO - Created Permission View: can edit on DAG:example_complex
[2022-12-29T22:51:27.900-0500] {logging_mixin.py:137} INFO - [2022-12-29T22:51:27.900-0500] {dag.py:2676} INFO - Sync 1 DAGs
[2022-12-29T22:51:27.909-0500] {logging_mixin.py:137} INFO - [2022-12-29T22:51:27.908-0500] {dag.py:2697} INFO - Creating ORM DAG for example_complex
[2022-12-29T22:51:27.915-0500] {logging_mixin.py:137} INFO - [2022-12-29T22:51:27.915-0500] {dag.py:3427} INFO - Setting next_dagrun for example_complex to None, run_after=None
[2022-12-29T22:51:27.927-0500] {processor.py:175} INFO - Processing /Library/Frameworks/Python.framework/Versions/3.7/lib/python3.7/site-packages/airflow/example_dags/example_complex.py took 0.151 seconds
[2022-12-29T22:52:07.610-0500] {processor.py:153} INFO - Started process (PID=7281) to work on /Library/Frameworks/Python.framework/Versions/3.7/lib/python3.7/site-packages/airflow/example_dags/example_complex.py
[2022-12-29T22:52:07.612-0500] {processor.py:743} INFO - Processing file /Library/Frameworks/Python.framework/Versions/3.7/lib/python3.7/site-packages/airflow/example_dags/example_complex.py for tasks to queue
[2022-12-29T22:52:07.613-0500] {logging_mixin.py:137} INFO - [2022-12-29T22:52:07.613-0500] {dagbag.py:538} INFO - Filling up the DagBag from /Library/Frameworks/Python.framework/Versions/3.7/lib/python3.7/site-packages/airflow/example_dags/example_complex.py
[2022-12-29T22:52:07.627-0500] {logging_mixin.py:137} INFO - [2022-12-29T22:52:07.626-0500] {taskmixin.py:205} WARNING - Dependency <Task(BashOperator): create_entry_group>, delete_entry_group already registered for DAG: example_complex
[2022-12-29T22:52:07.627-0500] {logging_mixin.py:137} INFO - [2022-12-29T22:52:07.627-0500] {taskmixin.py:205} WARNING - Dependency <Task(BashOperator): delete_entry_group>, create_entry_group already registered for DAG: example_complex
[2022-12-29T22:52:07.628-0500] {logging_mixin.py:137} INFO - [2022-12-29T22:52:07.628-0500] {taskmixin.py:205} WARNING - Dependency <Task(BashOperator): create_entry_gcs>, delete_entry already registered for DAG: example_complex
[2022-12-29T22:52:07.628-0500] {logging_mixin.py:137} INFO - [2022-12-29T22:52:07.628-0500] {taskmixin.py:205} WARNING - Dependency <Task(BashOperator): delete_entry>, create_entry_gcs already registered for DAG: example_complex
[2022-12-29T22:52:07.629-0500] {logging_mixin.py:137} INFO - [2022-12-29T22:52:07.629-0500] {taskmixin.py:205} WARNING - Dependency <Task(BashOperator): create_tag>, delete_tag already registered for DAG: example_complex
[2022-12-29T22:52:07.630-0500] {logging_mixin.py:137} INFO - [2022-12-29T22:52:07.629-0500] {taskmixin.py:205} WARNING - Dependency <Task(BashOperator): delete_tag>, create_tag already registered for DAG: example_complex
[2022-12-29T22:52:07.638-0500] {processor.py:753} INFO - DAG(s) dict_keys(['example_complex']) retrieved from /Library/Frameworks/Python.framework/Versions/3.7/lib/python3.7/site-packages/airflow/example_dags/example_complex.py
[2022-12-29T22:52:07.664-0500] {logging_mixin.py:137} INFO - [2022-12-29T22:52:07.663-0500] {dag.py:2676} INFO - Sync 1 DAGs
[2022-12-29T22:52:07.679-0500] {logging_mixin.py:137} INFO - [2022-12-29T22:52:07.679-0500] {dag.py:3427} INFO - Setting next_dagrun for example_complex to None, run_after=None
[2022-12-29T22:52:07.692-0500] {processor.py:175} INFO - Processing /Library/Frameworks/Python.framework/Versions/3.7/lib/python3.7/site-packages/airflow/example_dags/example_complex.py took 0.087 seconds
