[2022-12-29T22:51:23.887-0500] {processor.py:153} INFO - Started process (PID=7217) to work on /Library/Frameworks/Python.framework/Versions/3.7/lib/python3.7/site-packages/airflow/example_dags/example_external_task_marker_dag.py
[2022-12-29T22:51:23.889-0500] {processor.py:743} INFO - Processing file /Library/Frameworks/Python.framework/Versions/3.7/lib/python3.7/site-packages/airflow/example_dags/example_external_task_marker_dag.py for tasks to queue
[2022-12-29T22:51:23.890-0500] {logging_mixin.py:137} INFO - [2022-12-29T22:51:23.889-0500] {dagbag.py:538} INFO - Filling up the DagBag from /Library/Frameworks/Python.framework/Versions/3.7/lib/python3.7/site-packages/airflow/example_dags/example_external_task_marker_dag.py
[2022-12-29T22:51:23.910-0500] {processor.py:753} INFO - DAG(s) dict_keys(['example_external_task_marker_parent', 'example_external_task_marker_child']) retrieved from /Library/Frameworks/Python.framework/Versions/3.7/lib/python3.7/site-packages/airflow/example_dags/example_external_task_marker_dag.py
[2022-12-29T22:51:23.985-0500] {logging_mixin.py:137} INFO - [2022-12-29T22:51:23.985-0500] {manager.py:504} INFO - Created Permission View: can read on DAG:example_external_task_marker_parent
[2022-12-29T22:51:23.990-0500] {logging_mixin.py:137} INFO - [2022-12-29T22:51:23.990-0500] {manager.py:504} INFO - Created Permission View: can delete on DAG:example_external_task_marker_parent
[2022-12-29T22:51:23.994-0500] {logging_mixin.py:137} INFO - [2022-12-29T22:51:23.994-0500] {manager.py:504} INFO - Created Permission View: can edit on DAG:example_external_task_marker_parent
[2022-12-29T22:51:24.002-0500] {logging_mixin.py:137} INFO - [2022-12-29T22:51:24.002-0500] {manager.py:504} INFO - Created Permission View: can read on DAG:example_external_task_marker_child
[2022-12-29T22:51:24.006-0500] {logging_mixin.py:137} INFO - [2022-12-29T22:51:24.006-0500] {manager.py:504} INFO - Created Permission View: can delete on DAG:example_external_task_marker_child
[2022-12-29T22:51:24.010-0500] {logging_mixin.py:137} INFO - [2022-12-29T22:51:24.010-0500] {manager.py:504} INFO - Created Permission View: can edit on DAG:example_external_task_marker_child
[2022-12-29T22:51:24.011-0500] {logging_mixin.py:137} INFO - [2022-12-29T22:51:24.011-0500] {dag.py:2676} INFO - Sync 2 DAGs
[2022-12-29T22:51:24.019-0500] {logging_mixin.py:137} INFO - [2022-12-29T22:51:24.018-0500] {dag.py:2697} INFO - Creating ORM DAG for example_external_task_marker_child
[2022-12-29T22:51:24.019-0500] {logging_mixin.py:137} INFO - [2022-12-29T22:51:24.019-0500] {dag.py:2697} INFO - Creating ORM DAG for example_external_task_marker_parent
[2022-12-29T22:51:24.026-0500] {logging_mixin.py:137} INFO - [2022-12-29T22:51:24.026-0500] {dag.py:3427} INFO - Setting next_dagrun for example_external_task_marker_child to None, run_after=None
[2022-12-29T22:51:24.026-0500] {logging_mixin.py:137} INFO - [2022-12-29T22:51:24.026-0500] {dag.py:3427} INFO - Setting next_dagrun for example_external_task_marker_parent to None, run_after=None
[2022-12-29T22:51:24.038-0500] {processor.py:175} INFO - Processing /Library/Frameworks/Python.framework/Versions/3.7/lib/python3.7/site-packages/airflow/example_dags/example_external_task_marker_dag.py took 0.156 seconds
[2022-12-29T22:52:03.913-0500] {processor.py:153} INFO - Started process (PID=7278) to work on /Library/Frameworks/Python.framework/Versions/3.7/lib/python3.7/site-packages/airflow/example_dags/example_external_task_marker_dag.py
[2022-12-29T22:52:03.916-0500] {processor.py:743} INFO - Processing file /Library/Frameworks/Python.framework/Versions/3.7/lib/python3.7/site-packages/airflow/example_dags/example_external_task_marker_dag.py for tasks to queue
[2022-12-29T22:52:03.917-0500] {logging_mixin.py:137} INFO - [2022-12-29T22:52:03.917-0500] {dagbag.py:538} INFO - Filling up the DagBag from /Library/Frameworks/Python.framework/Versions/3.7/lib/python3.7/site-packages/airflow/example_dags/example_external_task_marker_dag.py
[2022-12-29T22:52:03.936-0500] {processor.py:753} INFO - DAG(s) dict_keys(['example_external_task_marker_child', 'example_external_task_marker_parent']) retrieved from /Library/Frameworks/Python.framework/Versions/3.7/lib/python3.7/site-packages/airflow/example_dags/example_external_task_marker_dag.py
[2022-12-29T22:52:03.961-0500] {logging_mixin.py:137} INFO - [2022-12-29T22:52:03.960-0500] {dag.py:2676} INFO - Sync 2 DAGs
[2022-12-29T22:52:03.976-0500] {logging_mixin.py:137} INFO - [2022-12-29T22:52:03.976-0500] {dag.py:3427} INFO - Setting next_dagrun for example_external_task_marker_child to None, run_after=None
[2022-12-29T22:52:03.978-0500] {logging_mixin.py:137} INFO - [2022-12-29T22:52:03.978-0500] {dag.py:3427} INFO - Setting next_dagrun for example_external_task_marker_parent to None, run_after=None
[2022-12-29T22:52:03.990-0500] {processor.py:175} INFO - Processing /Library/Frameworks/Python.framework/Versions/3.7/lib/python3.7/site-packages/airflow/example_dags/example_external_task_marker_dag.py took 0.081 seconds
