[2022-12-29T22:51:20.052-0500] {processor.py:153} INFO - Started process (PID=7213) to work on /Library/Frameworks/Python.framework/Versions/3.7/lib/python3.7/site-packages/airflow/example_dags/example_local_kubernetes_executor.py
[2022-12-29T22:51:20.054-0500] {processor.py:743} INFO - Processing file /Library/Frameworks/Python.framework/Versions/3.7/lib/python3.7/site-packages/airflow/example_dags/example_local_kubernetes_executor.py for tasks to queue
[2022-12-29T22:51:20.056-0500] {logging_mixin.py:137} INFO - [2022-12-29T22:51:20.055-0500] {dagbag.py:538} INFO - Filling up the DagBag from /Library/Frameworks/Python.framework/Versions/3.7/lib/python3.7/site-packages/airflow/example_dags/example_local_kubernetes_executor.py
[2022-12-29T22:51:20.077-0500] {logging_mixin.py:137} INFO - [2022-12-29T22:51:20.076-0500] {example_local_kubernetes_executor.py:39} WARNING - Could not import DAGs in example_local_kubernetes_executor.py
Traceback (most recent call last):
  File "/Library/Frameworks/Python.framework/Versions/3.7/lib/python3.7/site-packages/airflow/example_dags/example_local_kubernetes_executor.py", line 37, in <module>
    from kubernetes.client import models as k8s
ModuleNotFoundError: No module named 'kubernetes'
[2022-12-29T22:51:20.078-0500] {logging_mixin.py:137} INFO - [2022-12-29T22:51:20.078-0500] {example_local_kubernetes_executor.py:40} WARNING - Install Kubernetes dependencies with: pip install apache-airflow[cncf.kubernetes]
[2022-12-29T22:51:20.078-0500] {processor.py:755} WARNING - No viable dags retrieved from /Library/Frameworks/Python.framework/Versions/3.7/lib/python3.7/site-packages/airflow/example_dags/example_local_kubernetes_executor.py
[2022-12-29T22:51:20.088-0500] {processor.py:175} INFO - Processing /Library/Frameworks/Python.framework/Versions/3.7/lib/python3.7/site-packages/airflow/example_dags/example_local_kubernetes_executor.py took 0.040 seconds
[2022-12-29T22:51:59.920-0500] {processor.py:153} INFO - Started process (PID=7274) to work on /Library/Frameworks/Python.framework/Versions/3.7/lib/python3.7/site-packages/airflow/example_dags/example_local_kubernetes_executor.py
[2022-12-29T22:51:59.922-0500] {processor.py:743} INFO - Processing file /Library/Frameworks/Python.framework/Versions/3.7/lib/python3.7/site-packages/airflow/example_dags/example_local_kubernetes_executor.py for tasks to queue
[2022-12-29T22:51:59.924-0500] {logging_mixin.py:137} INFO - [2022-12-29T22:51:59.924-0500] {dagbag.py:538} INFO - Filling up the DagBag from /Library/Frameworks/Python.framework/Versions/3.7/lib/python3.7/site-packages/airflow/example_dags/example_local_kubernetes_executor.py
[2022-12-29T22:51:59.946-0500] {logging_mixin.py:137} INFO - [2022-12-29T22:51:59.945-0500] {example_local_kubernetes_executor.py:39} WARNING - Could not import DAGs in example_local_kubernetes_executor.py
Traceback (most recent call last):
  File "/Library/Frameworks/Python.framework/Versions/3.7/lib/python3.7/site-packages/airflow/example_dags/example_local_kubernetes_executor.py", line 37, in <module>
    from kubernetes.client import models as k8s
ModuleNotFoundError: No module named 'kubernetes'
[2022-12-29T22:51:59.946-0500] {logging_mixin.py:137} INFO - [2022-12-29T22:51:59.946-0500] {example_local_kubernetes_executor.py:40} WARNING - Install Kubernetes dependencies with: pip install apache-airflow[cncf.kubernetes]
[2022-12-29T22:51:59.947-0500] {processor.py:755} WARNING - No viable dags retrieved from /Library/Frameworks/Python.framework/Versions/3.7/lib/python3.7/site-packages/airflow/example_dags/example_local_kubernetes_executor.py
[2022-12-29T22:51:59.957-0500] {processor.py:175} INFO - Processing /Library/Frameworks/Python.framework/Versions/3.7/lib/python3.7/site-packages/airflow/example_dags/example_local_kubernetes_executor.py took 0.041 seconds
